Started GET "/" for 127.0.0.1 at 2023-10-25 12:35:15 +0430
  
ActiveRecord::NoDatabaseError (We could not find your database: hello_rails_back_end_development. Which can be found in the database configuration file located at config/database.yml.

To resolve this issue:

- Did you create the database for this app, or delete it? You may need to create your database.
- Has the database name changed? Check your database.yml config has the correct database name.

To create your database, run:

        bin/rails db:create
):
  
activerecord (7.0.8) lib/active_record/connection_adapters/postgresql_adapter.rb:81:in `rescue in new_client'
activerecord (7.0.8) lib/active_record/connection_adapters/postgresql_adapter.rb:77:in `new_client'
activerecord (7.0.8) lib/active_record/connection_adapters/postgresql_adapter.rb:37:in `postgresql_connection'
activerecord (7.0.8) lib/active_record/connection_adapters/abstract/connection_pool.rb:656:in `public_send'
activerecord (7.0.8) lib/active_record/connection_adapters/abstract/connection_pool.rb:656:in `new_connection'
activerecord (7.0.8) lib/active_record/connection_adapters/abstract/connection_pool.rb:700:in `checkout_new_connection'
activerecord (7.0.8) lib/active_record/connection_adapters/abstract/connection_pool.rb:679:in `try_to_checkout_new_connection'
activerecord (7.0.8) lib/active_record/connection_adapters/abstract/connection_pool.rb:640:in `acquire_connection'
activerecord (7.0.8) lib/active_record/connection_adapters/abstract/connection_pool.rb:341:in `checkout'
activerecord (7.0.8) lib/active_record/connection_adapters/abstract/connection_pool.rb:181:in `connection'
activerecord (7.0.8) lib/active_record/connection_adapters/abstract/connection_handler.rb:211:in `retrieve_connection'
activerecord (7.0.8) lib/active_record/connection_handling.rb:313:in `retrieve_connection'
activerecord (7.0.8) lib/active_record/connection_handling.rb:280:in `connection'
activerecord (7.0.8) lib/active_record/migration.rb:648:in `connection'
activerecord (7.0.8) lib/active_record/migration.rb:643:in `build_watcher'
activerecord (7.0.8) lib/active_record/migration.rb:625:in `block in call'
activerecord (7.0.8) lib/active_record/migration.rb:624:in `synchronize'
activerecord (7.0.8) lib/active_record/migration.rb:624:in `call'
actionpack (7.0.8) lib/action_dispatch/middleware/callbacks.rb:27:in `block in call'
activesupport (7.0.8) lib/active_support/callbacks.rb:99:in `run_callbacks'
actionpack (7.0.8) lib/action_dispatch/middleware/callbacks.rb:26:in `call'
actionpack (7.0.8) lib/action_dispatch/middleware/executor.rb:14:in `call'
actionpack (7.0.8) lib/action_dispatch/middleware/actionable_exceptions.rb:17:in `call'
actionpack (7.0.8) lib/action_dispatch/middleware/debug_exceptions.rb:28:in `call'
actionpack (7.0.8) lib/action_dispatch/middleware/show_exceptions.rb:29:in `call'
railties (7.0.8) lib/rails/rack/logger.rb:40:in `call_app'
railties (7.0.8) lib/rails/rack/logger.rb:25:in `block in call'
activesupport (7.0.8) lib/active_support/tagged_logging.rb:99:in `block in tagged'
activesupport (7.0.8) lib/active_support/tagged_logging.rb:37:in `tagged'
activesupport (7.0.8) lib/active_support/tagged_logging.rb:99:in `tagged'
railties (7.0.8) lib/rails/rack/logger.rb:25:in `call'
actionpack (7.0.8) lib/action_dispatch/middleware/remote_ip.rb:93:in `call'
actionpack (7.0.8) lib/action_dispatch/middleware/request_id.rb:26:in `call'
rack (2.2.8) lib/rack/runtime.rb:22:in `call'
activesupport (7.0.8) lib/active_support/cache/strategy/local_cache_middleware.rb:29:in `call'
actionpack (7.0.8) lib/action_dispatch/middleware/server_timing.rb:61:in `block in call'
actionpack (7.0.8) lib/action_dispatch/middleware/server_timing.rb:26:in `collect_events'
actionpack (7.0.8) lib/action_dispatch/middleware/server_timing.rb:60:in `call'
actionpack (7.0.8) lib/action_dispatch/middleware/executor.rb:14:in `call'
actionpack (7.0.8) lib/action_dispatch/middleware/static.rb:23:in `call'
rack (2.2.8) lib/rack/sendfile.rb:110:in `call'
actionpack (7.0.8) lib/action_dispatch/middleware/host_authorization.rb:138:in `call'
railties (7.0.8) lib/rails/engine.rb:530:in `call'
puma (5.6.7) lib/puma/configuration.rb:252:in `call'
puma (5.6.7) lib/puma/request.rb:77:in `block in handle_request'
puma (5.6.7) lib/puma/thread_pool.rb:340:in `with_force_shutdown'
puma (5.6.7) lib/puma/request.rb:76:in `handle_request'
puma (5.6.7) lib/puma/server.rb:443:in `process_client'
puma (5.6.7) lib/puma/thread_pool.rb:147:in `block in spawn_thread'
Started GET "/favicon.ico" for 127.0.0.1 at 2023-10-25 12:35:15 +0430
  
ActiveRecord::NoDatabaseError (We could not find your database: hello_rails_back_end_development. Which can be found in the database configuration file located at config/database.yml.

To resolve this issue:

- Did you create the database for this app, or delete it? You may need to create your database.
- Has the database name changed? Check your database.yml config has the correct database name.

To create your database, run:

        bin/rails db:create
):
  
activerecord (7.0.8) lib/active_record/connection_adapters/postgresql_adapter.rb:81:in `rescue in new_client'
activerecord (7.0.8) lib/active_record/connection_adapters/postgresql_adapter.rb:77:in `new_client'
activerecord (7.0.8) lib/active_record/connection_adapters/postgresql_adapter.rb:37:in `postgresql_connection'
activerecord (7.0.8) lib/active_record/connection_adapters/abstract/connection_pool.rb:656:in `public_send'
activerecord (7.0.8) lib/active_record/connection_adapters/abstract/connection_pool.rb:656:in `new_connection'
activerecord (7.0.8) lib/active_record/connection_adapters/abstract/connection_pool.rb:700:in `checkout_new_connection'
activerecord (7.0.8) lib/active_record/connection_adapters/abstract/connection_pool.rb:679:in `try_to_checkout_new_connection'
activerecord (7.0.8) lib/active_record/connection_adapters/abstract/connection_pool.rb:640:in `acquire_connection'
activerecord (7.0.8) lib/active_record/connection_adapters/abstract/connection_pool.rb:341:in `checkout'
activerecord (7.0.8) lib/active_record/connection_adapters/abstract/connection_pool.rb:181:in `connection'
activerecord (7.0.8) lib/active_record/connection_adapters/abstract/connection_handler.rb:211:in `retrieve_connection'
activerecord (7.0.8) lib/active_record/connection_handling.rb:313:in `retrieve_connection'
activerecord (7.0.8) lib/active_record/connection_handling.rb:280:in `connection'
activerecord (7.0.8) lib/active_record/migration.rb:648:in `connection'
activerecord (7.0.8) lib/active_record/migration.rb:643:in `build_watcher'
activerecord (7.0.8) lib/active_record/migration.rb:625:in `block in call'
activerecord (7.0.8) lib/active_record/migration.rb:624:in `synchronize'
activerecord (7.0.8) lib/active_record/migration.rb:624:in `call'
actionpack (7.0.8) lib/action_dispatch/middleware/callbacks.rb:27:in `block in call'
activesupport (7.0.8) lib/active_support/callbacks.rb:99:in `run_callbacks'
actionpack (7.0.8) lib/action_dispatch/middleware/callbacks.rb:26:in `call'
actionpack (7.0.8) lib/action_dispatch/middleware/executor.rb:14:in `call'
actionpack (7.0.8) lib/action_dispatch/middleware/actionable_exceptions.rb:17:in `call'
actionpack (7.0.8) lib/action_dispatch/middleware/debug_exceptions.rb:28:in `call'
actionpack (7.0.8) lib/action_dispatch/middleware/show_exceptions.rb:29:in `call'
railties (7.0.8) lib/rails/rack/logger.rb:40:in `call_app'
railties (7.0.8) lib/rails/rack/logger.rb:25:in `block in call'
activesupport (7.0.8) lib/active_support/tagged_logging.rb:99:in `block in tagged'
activesupport (7.0.8) lib/active_support/tagged_logging.rb:37:in `tagged'
activesupport (7.0.8) lib/active_support/tagged_logging.rb:99:in `tagged'
railties (7.0.8) lib/rails/rack/logger.rb:25:in `call'
actionpack (7.0.8) lib/action_dispatch/middleware/remote_ip.rb:93:in `call'
actionpack (7.0.8) lib/action_dispatch/middleware/request_id.rb:26:in `call'
rack (2.2.8) lib/rack/runtime.rb:22:in `call'
activesupport (7.0.8) lib/active_support/cache/strategy/local_cache_middleware.rb:29:in `call'
actionpack (7.0.8) lib/action_dispatch/middleware/server_timing.rb:61:in `block in call'
actionpack (7.0.8) lib/action_dispatch/middleware/server_timing.rb:26:in `collect_events'
actionpack (7.0.8) lib/action_dispatch/middleware/server_timing.rb:60:in `call'
actionpack (7.0.8) lib/action_dispatch/middleware/executor.rb:14:in `call'
actionpack (7.0.8) lib/action_dispatch/middleware/static.rb:23:in `call'
rack (2.2.8) lib/rack/sendfile.rb:110:in `call'
actionpack (7.0.8) lib/action_dispatch/middleware/host_authorization.rb:138:in `call'
railties (7.0.8) lib/rails/engine.rb:530:in `call'
puma (5.6.7) lib/puma/configuration.rb:252:in `call'
puma (5.6.7) lib/puma/request.rb:77:in `block in handle_request'
puma (5.6.7) lib/puma/thread_pool.rb:340:in `with_force_shutdown'
puma (5.6.7) lib/puma/request.rb:76:in `handle_request'
puma (5.6.7) lib/puma/server.rb:443:in `process_client'
puma (5.6.7) lib/puma/thread_pool.rb:147:in `block in spawn_thread'
  [1m[35m (926.9ms)[0m  [1m[35mCREATE DATABASE "hello_rails_back_end_development" ENCODING = 'unicode'[0m
  [1m[35m (621.7ms)[0m  [1m[35mCREATE DATABASE "hello_rails_back_end_test" ENCODING = 'unicode'[0m
Started GET "/" for 127.0.0.1 at 2023-10-25 12:35:44 +0430
Processing by Rails::WelcomeController#index as HTML
  Rendering /usr/share/rvm/gems/ruby-3.2.2/gems/railties-7.0.8/lib/rails/templates/rails/welcome/index.html.erb
  Rendered /usr/share/rvm/gems/ruby-3.2.2/gems/railties-7.0.8/lib/rails/templates/rails/welcome/index.html.erb (Duration: 2.2ms | Allocations: 286)
Completed 200 OK in 24ms (Views: 4.3ms | ActiveRecord: 0.0ms | Allocations: 2712)


  [1m[35m (141.2ms)[0m  [1m[35mCREATE TABLE "schema_migrations" ("version" character varying NOT NULL PRIMARY KEY)[0m
  [1m[35m (82.6ms)[0m  [1m[35mCREATE TABLE "ar_internal_metadata" ("key" character varying NOT NULL PRIMARY KEY, "value" character varying, "created_at" timestamp(6) NOT NULL, "updated_at" timestamp(6) NOT NULL)[0m
  [1m[35m (0.3ms)[0m  [1m[34mSELECT pg_try_advisory_lock(3369180297042482685)[0m
  [1m[36mActiveRecord::SchemaMigration Pluck (0.6ms)[0m  [1m[34mSELECT "schema_migrations"."version" FROM "schema_migrations" ORDER BY "schema_migrations"."version" ASC[0m
Migrating to CreateMessages (20231025080713)
  [1m[36mTRANSACTION (0.2ms)[0m  [1m[35mBEGIN[0m
  [1m[35m (73.4ms)[0m  [1m[35mCREATE TABLE "messages" ("id" bigserial primary key, "message_text" text, "created_at" timestamp(6) NOT NULL, "updated_at" timestamp(6) NOT NULL)[0m
  [1m[36mActiveRecord::SchemaMigration Create (0.9ms)[0m  [1m[32mINSERT INTO "schema_migrations" ("version") VALUES ($1) RETURNING "version"[0m  [["version", "20231025080713"]]
  [1m[36mTRANSACTION (60.4ms)[0m  [1m[35mCOMMIT[0m
  [1m[36mActiveRecord::InternalMetadata Load (0.6ms)[0m  [1m[34mSELECT "ar_internal_metadata".* FROM "ar_internal_metadata" WHERE "ar_internal_metadata"."key" = $1 LIMIT $2[0m  [["key", "environment"], ["LIMIT", 1]]
  [1m[36mTRANSACTION (0.3ms)[0m  [1m[35mBEGIN[0m
  [1m[36mActiveRecord::InternalMetadata Create (1.0ms)[0m  [1m[32mINSERT INTO "ar_internal_metadata" ("key", "value", "created_at", "updated_at") VALUES ($1, $2, $3, $4) RETURNING "key"[0m  [["key", "environment"], ["value", "development"], ["created_at", "2023-10-25 08:10:08.373812"], ["updated_at", "2023-10-25 08:10:08.373812"]]
  [1m[36mTRANSACTION (25.8ms)[0m  [1m[35mCOMMIT[0m
  [1m[35m (0.6ms)[0m  [1m[34mSELECT pg_advisory_unlock(3369180297042482685)[0m
  [1m[36mActiveRecord::SchemaMigration Pluck (0.7ms)[0m  [1m[34mSELECT "schema_migrations"."version" FROM "schema_migrations" ORDER BY "schema_migrations"."version" ASC[0m
  [1m[36mActiveRecord::SchemaMigration Pluck (0.4ms)[0m  [1m[34mSELECT "schema_migrations"."version" FROM "schema_migrations" ORDER BY "schema_migrations"."version" ASC[0m
  [1m[36mActiveRecord::SchemaMigration Pluck (0.6ms)[0m  [1m[34mSELECT "schema_migrations"."version" FROM "schema_migrations" ORDER BY "schema_migrations"."version" ASC[0m
  [1m[36mTRANSACTION (0.3ms)[0m  [1m[35mBEGIN[0m
  [1m[36mMessage Create (0.9ms)[0m  [1m[32mINSERT INTO "messages" ("message_text", "created_at", "updated_at") VALUES ($1, $2, $3) RETURNING "id"[0m  [["message_text", "Hello, Dear. How are you?"], ["created_at", "2023-10-25 08:12:30.495862"], ["updated_at", "2023-10-25 08:12:30.495862"]]
  [1m[36mTRANSACTION (39.0ms)[0m  [1m[35mCOMMIT[0m
  [1m[36mTRANSACTION (0.3ms)[0m  [1m[35mBEGIN[0m
  [1m[36mMessage Create (0.6ms)[0m  [1m[32mINSERT INTO "messages" ("message_text", "created_at", "updated_at") VALUES ($1, $2, $3) RETURNING "id"[0m  [["message_text", "Hi, Are you fine?"], ["created_at", "2023-10-25 08:12:30.541928"], ["updated_at", "2023-10-25 08:12:30.541928"]]
  [1m[36mTRANSACTION (11.7ms)[0m  [1m[35mCOMMIT[0m
  [1m[36mTRANSACTION (0.4ms)[0m  [1m[35mBEGIN[0m
  [1m[36mMessage Create (0.7ms)[0m  [1m[32mINSERT INTO "messages" ("message_text", "created_at", "updated_at") VALUES ($1, $2, $3) RETURNING "id"[0m  [["message_text", "Nice to see you? how do you feel?"], ["created_at", "2023-10-25 08:12:30.559438"], ["updated_at", "2023-10-25 08:12:30.559438"]]
  [1m[36mTRANSACTION (8.8ms)[0m  [1m[35mCOMMIT[0m
  [1m[36mTRANSACTION (0.3ms)[0m  [1m[35mBEGIN[0m
  [1m[36mMessage Create (0.7ms)[0m  [1m[32mINSERT INTO "messages" ("message_text", "created_at", "updated_at") VALUES ($1, $2, $3) RETURNING "id"[0m  [["message_text", "Wooo, Are you here?"], ["created_at", "2023-10-25 08:12:30.575688"], ["updated_at", "2023-10-25 08:12:30.575688"]]
  [1m[36mTRANSACTION (9.9ms)[0m  [1m[35mCOMMIT[0m
  [1m[36mTRANSACTION (0.3ms)[0m  [1m[35mBEGIN[0m
  [1m[36mMessage Create (0.4ms)[0m  [1m[32mINSERT INTO "messages" ("message_text", "created_at", "updated_at") VALUES ($1, $2, $3) RETURNING "id"[0m  [["message_text", "Hey, are you health?"], ["created_at", "2023-10-25 08:12:30.592592"], ["updated_at", "2023-10-25 08:12:30.592592"]]
  [1m[36mTRANSACTION (10.6ms)[0m  [1m[35mCOMMIT[0m
  [1m[36mMessage Count (0.7ms)[0m  [1m[34mSELECT COUNT(*) FROM "messages"[0m
Started GET "/" for 127.0.0.1 at 2023-10-25 12:42:57 +0430
  [1m[36mActiveRecord::SchemaMigration Pluck (0.5ms)[0m  [1m[34mSELECT "schema_migrations"."version" FROM "schema_migrations" ORDER BY "schema_migrations"."version" ASC[0m
Processing by Rails::WelcomeController#index as HTML
  Rendering /usr/share/rvm/gems/ruby-3.2.2/gems/railties-7.0.8/lib/rails/templates/rails/welcome/index.html.erb
  Rendered /usr/share/rvm/gems/ruby-3.2.2/gems/railties-7.0.8/lib/rails/templates/rails/welcome/index.html.erb (Duration: 0.8ms | Allocations: 271)
Completed 200 OK in 3ms (Views: 2.0ms | ActiveRecord: 0.0ms | Allocations: 867)


Started GET "/" for 127.0.0.1 at 2023-10-25 12:42:58 +0430
Processing by Rails::WelcomeController#index as HTML
  Rendering /usr/share/rvm/gems/ruby-3.2.2/gems/railties-7.0.8/lib/rails/templates/rails/welcome/index.html.erb
  Rendered /usr/share/rvm/gems/ruby-3.2.2/gems/railties-7.0.8/lib/rails/templates/rails/welcome/index.html.erb (Duration: 0.1ms | Allocations: 13)
Completed 200 OK in 1ms (Views: 0.5ms | ActiveRecord: 0.0ms | Allocations: 193)


Started GET "/messages" for 127.0.0.1 at 2023-10-25 12:43:03 +0430
Processing by MessagesController#index as HTML
  [1m[36mMessage Load (0.7ms)[0m  [1m[34mSELECT "messages".* FROM "messages"[0m
  ↳ app/controllers/messages_controller.rb:8:in `index'
Completed 200 OK in 25ms (Views: 14.6ms | ActiveRecord: 6.4ms | Allocations: 5865)


Started GET "/favicon.ico" for 127.0.0.1 at 2023-10-25 12:43:04 +0430
  
ActionController::RoutingError (No route matches [GET] "/favicon.ico"):
  
Started GET "/messages" for 127.0.0.1 at 2023-10-25 12:44:16 +0430
Processing by MessagesController#index as HTML
  [1m[36mMessage Load (1.3ms)[0m  [1m[34mSELECT "messages".* FROM "messages" ORDER BY Random() LIMIT $1[0m  [["LIMIT", 1]]
  ↳ app/controllers/messages_controller.rb:6:in `index'
Completed 500 Internal Server Error in 13ms (ActiveRecord: 5.7ms | Allocations: 2903)


  
NoMethodError (undefined method `greetings_text' for #<Message id: 3, message_text: "Nice to see you? how do you feel?", created_at: "2023-10-25 08:12:30.559438000 +0000", updated_at: "2023-10-25 08:12:30.559438000 +0000">):
  
app/controllers/messages_controller.rb:7:in `index'
Started GET "/messages" for 127.0.0.1 at 2023-10-25 12:44:30 +0430
Processing by MessagesController#index as HTML
  [1m[36mMessage Load (0.3ms)[0m  [1m[34mSELECT "messages".* FROM "messages" ORDER BY Random() LIMIT $1[0m  [["LIMIT", 1]]
  ↳ app/controllers/messages_controller.rb:6:in `index'
Completed 200 OK in 10ms (Views: 0.2ms | ActiveRecord: 3.6ms | Allocations: 2610)


Started GET "/messages" for 127.0.0.1 at 2023-10-25 12:44:41 +0430
Processing by MessagesController#index as HTML
  [1m[36mMessage Load (1.4ms)[0m  [1m[34mSELECT "messages".* FROM "messages" ORDER BY Random() LIMIT $1[0m  [["LIMIT", 1]]
  ↳ app/controllers/messages_controller.rb:6:in `index'
Completed 200 OK in 6ms (Views: 0.4ms | ActiveRecord: 1.4ms | Allocations: 674)


Started GET "/messages" for 127.0.0.1 at 2023-10-25 12:56:16 +0430
  [1m[36mActiveRecord::SchemaMigration Pluck (0.7ms)[0m  [1m[34mSELECT "schema_migrations"."version" FROM "schema_migrations" ORDER BY "schema_migrations"."version" ASC[0m
Processing by MessagesController#index as HTML
  [1m[36mMessage Load (0.9ms)[0m  [1m[34mSELECT "messages".* FROM "messages" ORDER BY Random() LIMIT $1[0m  [["LIMIT", 1]]
  ↳ app/controllers/messages_controller.rb:6:in `index'
Completed 200 OK in 7ms (Views: 0.2ms | ActiveRecord: 0.9ms | Allocations: 2476)


Started GET "/messages" for 127.0.0.1 at 2023-10-25 12:56:16 +0430
Processing by MessagesController#index as HTML
  [1m[36mMessage Load (0.7ms)[0m  [1m[34mSELECT "messages".* FROM "messages" ORDER BY Random() LIMIT $1[0m  [["LIMIT", 1]]
  ↳ app/controllers/messages_controller.rb:6:in `index'
Completed 200 OK in 5ms (Views: 0.3ms | ActiveRecord: 0.7ms | Allocations: 670)


Started GET "/messages" for 127.0.0.1 at 2023-10-25 12:56:17 +0430
Processing by MessagesController#index as HTML
  [1m[36mMessage Load (0.6ms)[0m  [1m[34mSELECT "messages".* FROM "messages" ORDER BY Random() LIMIT $1[0m  [["LIMIT", 1]]
  ↳ app/controllers/messages_controller.rb:6:in `index'
Completed 200 OK in 2ms (Views: 0.2ms | ActiveRecord: 0.6ms | Allocations: 664)


Started GET "/messages" for 127.0.0.1 at 2023-10-25 12:56:18 +0430
Processing by MessagesController#index as HTML
  [1m[36mMessage Load (0.3ms)[0m  [1m[34mSELECT "messages".* FROM "messages" ORDER BY Random() LIMIT $1[0m  [["LIMIT", 1]]
  ↳ app/controllers/messages_controller.rb:6:in `index'
Completed 200 OK in 2ms (Views: 0.1ms | ActiveRecord: 0.3ms | Allocations: 664)


Started GET "/messages" for 127.0.0.1 at 2023-10-25 12:56:18 +0430
Processing by MessagesController#index as HTML
  [1m[36mMessage Load (0.7ms)[0m  [1m[34mSELECT "messages".* FROM "messages" ORDER BY Random() LIMIT $1[0m  [["LIMIT", 1]]
  ↳ app/controllers/messages_controller.rb:6:in `index'
Completed 200 OK in 5ms (Views: 0.4ms | ActiveRecord: 0.7ms | Allocations: 664)


Started GET "/messages" for 127.0.0.1 at 2023-10-25 12:56:18 +0430
Processing by MessagesController#index as HTML
  [1m[36mMessage Load (0.5ms)[0m  [1m[34mSELECT "messages".* FROM "messages" ORDER BY Random() LIMIT $1[0m  [["LIMIT", 1]]
  ↳ app/controllers/messages_controller.rb:6:in `index'
Completed 200 OK in 4ms (Views: 0.3ms | ActiveRecord: 0.5ms | Allocations: 664)


Started GET "/messages" for 127.0.0.1 at 2023-10-25 12:56:19 +0430
Processing by MessagesController#index as HTML
  [1m[36mMessage Load (0.8ms)[0m  [1m[34mSELECT "messages".* FROM "messages" ORDER BY Random() LIMIT $1[0m  [["LIMIT", 1]]
  ↳ app/controllers/messages_controller.rb:6:in `index'
Completed 200 OK in 6ms (Views: 0.5ms | ActiveRecord: 0.8ms | Allocations: 664)


Started GET "/messages" for 127.0.0.1 at 2023-10-25 12:56:19 +0430
Processing by MessagesController#index as HTML
  [1m[36mMessage Load (0.5ms)[0m  [1m[34mSELECT "messages".* FROM "messages" ORDER BY Random() LIMIT $1[0m  [["LIMIT", 1]]
  ↳ app/controllers/messages_controller.rb:6:in `index'
Completed 200 OK in 2ms (Views: 0.1ms | ActiveRecord: 0.5ms | Allocations: 664)


Started GET "/messages" for 127.0.0.1 at 2023-10-25 12:56:19 +0430
Processing by MessagesController#index as HTML
  [1m[36mMessage Load (0.6ms)[0m  [1m[34mSELECT "messages".* FROM "messages" ORDER BY Random() LIMIT $1[0m  [["LIMIT", 1]]
  ↳ app/controllers/messages_controller.rb:6:in `index'
Completed 200 OK in 4ms (Views: 0.3ms | ActiveRecord: 0.6ms | Allocations: 667)


Started GET "/messages" for 127.0.0.1 at 2023-10-25 12:56:20 +0430
Processing by MessagesController#index as HTML
  [1m[36mMessage Load (0.7ms)[0m  [1m[34mSELECT "messages".* FROM "messages" ORDER BY Random() LIMIT $1[0m  [["LIMIT", 1]]
  ↳ app/controllers/messages_controller.rb:6:in `index'
Completed 200 OK in 11ms (Views: 0.3ms | ActiveRecord: 0.7ms | Allocations: 665)


Started GET "/messages" for 127.0.0.1 at 2023-10-25 12:56:20 +0430
Processing by MessagesController#index as HTML
  [1m[36mMessage Load (0.7ms)[0m  [1m[34mSELECT "messages".* FROM "messages" ORDER BY Random() LIMIT $1[0m  [["LIMIT", 1]]
  ↳ app/controllers/messages_controller.rb:6:in `index'
Completed 200 OK in 6ms (Views: 0.3ms | ActiveRecord: 0.7ms | Allocations: 664)


Started GET "/messages" for 127.0.0.1 at 2023-10-25 12:56:21 +0430
Processing by MessagesController#index as HTML
  [1m[36mMessage Load (0.9ms)[0m  [1m[34mSELECT "messages".* FROM "messages" ORDER BY Random() LIMIT $1[0m  [["LIMIT", 1]]
  ↳ app/controllers/messages_controller.rb:6:in `index'
Completed 200 OK in 6ms (Views: 0.4ms | ActiveRecord: 0.9ms | Allocations: 664)


Started GET "/messages" for 127.0.0.1 at 2023-10-25 12:56:21 +0430
Processing by MessagesController#index as HTML
  [1m[36mMessage Load (0.9ms)[0m  [1m[34mSELECT "messages".* FROM "messages" ORDER BY Random() LIMIT $1[0m  [["LIMIT", 1]]
  ↳ app/controllers/messages_controller.rb:6:in `index'
Completed 200 OK in 5ms (Views: 0.3ms | ActiveRecord: 0.9ms | Allocations: 664)


Started GET "/messages" for 127.0.0.1 at 2023-10-25 12:56:22 +0430
Processing by MessagesController#index as HTML
  [1m[36mMessage Load (1.1ms)[0m  [1m[34mSELECT "messages".* FROM "messages" ORDER BY Random() LIMIT $1[0m  [["LIMIT", 1]]
  ↳ app/controllers/messages_controller.rb:6:in `index'
Completed 200 OK in 8ms (Views: 0.6ms | ActiveRecord: 1.1ms | Allocations: 664)


Started GET "/messages" for 127.0.0.1 at 2023-10-25 12:56:22 +0430
Processing by MessagesController#index as HTML
  [1m[36mMessage Load (0.3ms)[0m  [1m[34mSELECT "messages".* FROM "messages" ORDER BY Random() LIMIT $1[0m  [["LIMIT", 1]]
  ↳ app/controllers/messages_controller.rb:6:in `index'
Completed 200 OK in 2ms (Views: 0.2ms | ActiveRecord: 0.3ms | Allocations: 664)


Started GET "/messages" for 127.0.0.1 at 2023-10-25 12:56:22 +0430
Processing by MessagesController#index as HTML
  [1m[36mMessage Load (0.3ms)[0m  [1m[34mSELECT "messages".* FROM "messages" ORDER BY Random() LIMIT $1[0m  [["LIMIT", 1]]
  ↳ app/controllers/messages_controller.rb:6:in `index'
Completed 200 OK in 2ms (Views: 0.1ms | ActiveRecord: 0.3ms | Allocations: 664)


Started GET "/messages" for 127.0.0.1 at 2023-10-25 12:56:23 +0430
Processing by MessagesController#index as HTML
  [1m[36mMessage Load (0.4ms)[0m  [1m[34mSELECT "messages".* FROM "messages" ORDER BY Random() LIMIT $1[0m  [["LIMIT", 1]]
  ↳ app/controllers/messages_controller.rb:6:in `index'
Completed 200 OK in 3ms (Views: 0.2ms | ActiveRecord: 0.4ms | Allocations: 664)


Started GET "/messages" for 127.0.0.1 at 2023-10-25 12:56:23 +0430
Processing by MessagesController#index as HTML
  [1m[36mMessage Load (0.7ms)[0m  [1m[34mSELECT "messages".* FROM "messages" ORDER BY Random() LIMIT $1[0m  [["LIMIT", 1]]
  ↳ app/controllers/messages_controller.rb:6:in `index'
Completed 200 OK in 4ms (Views: 0.3ms | ActiveRecord: 0.7ms | Allocations: 664)


Started GET "/messages" for 127.0.0.1 at 2023-10-25 12:56:23 +0430
Processing by MessagesController#index as HTML
  [1m[36mMessage Load (0.8ms)[0m  [1m[34mSELECT "messages".* FROM "messages" ORDER BY Random() LIMIT $1[0m  [["LIMIT", 1]]
  ↳ app/controllers/messages_controller.rb:6:in `index'
Completed 200 OK in 5ms (Views: 0.4ms | ActiveRecord: 0.8ms | Allocations: 664)


Started GET "/messages" for 127.0.0.1 at 2023-10-25 12:56:24 +0430
Processing by MessagesController#index as HTML
  [1m[36mMessage Load (0.3ms)[0m  [1m[34mSELECT "messages".* FROM "messages" ORDER BY Random() LIMIT $1[0m  [["LIMIT", 1]]
  ↳ app/controllers/messages_controller.rb:6:in `index'
Completed 200 OK in 2ms (Views: 0.2ms | ActiveRecord: 0.3ms | Allocations: 664)


Started GET "/messages" for 127.0.0.1 at 2023-10-25 12:56:24 +0430
Processing by MessagesController#index as HTML
  [1m[36mMessage Load (0.9ms)[0m  [1m[34mSELECT "messages".* FROM "messages" ORDER BY Random() LIMIT $1[0m  [["LIMIT", 1]]
  ↳ app/controllers/messages_controller.rb:6:in `index'
Completed 200 OK in 5ms (Views: 0.3ms | ActiveRecord: 0.9ms | Allocations: 664)


Started GET "/messages" for 127.0.0.1 at 2023-10-25 12:57:52 +0430
Processing by MessagesController#index as HTML
  [1m[36mMessage Load (0.8ms)[0m  [1m[34mSELECT "messages".* FROM "messages" ORDER BY Random() LIMIT $1[0m  [["LIMIT", 1]]
  ↳ app/controllers/messages_controller.rb:6:in `index'
Completed 200 OK in 6ms (Views: 0.4ms | ActiveRecord: 0.8ms | Allocations: 664)


Started GET "/" for ::1 at 2023-10-25 13:10:10 +0430
Processing by Rails::WelcomeController#index as HTML
  Rendering /usr/share/rvm/gems/ruby-3.2.2/gems/railties-7.0.8/lib/rails/templates/rails/welcome/index.html.erb
  Rendered /usr/share/rvm/gems/ruby-3.2.2/gems/railties-7.0.8/lib/rails/templates/rails/welcome/index.html.erb (Duration: 0.1ms | Allocations: 13)
Completed 200 OK in 2ms (Views: 1.3ms | ActiveRecord: 0.0ms | Allocations: 195)


Started GET "/messages" for ::1 at 2023-10-25 13:10:16 +0430
Processing by MessagesController#index as HTML
  [1m[36mMessage Load (0.8ms)[0m  [1m[34mSELECT "messages".* FROM "messages" ORDER BY Random() LIMIT $1[0m  [["LIMIT", 1]]
  ↳ app/controllers/messages_controller.rb:6:in `index'
Completed 200 OK in 14ms (Views: 0.2ms | ActiveRecord: 6.5ms | Allocations: 3605)


Started GET "/favicon.ico" for ::1 at 2023-10-25 13:10:18 +0430
  
ActionController::RoutingError (No route matches [GET] "/favicon.ico"):
  
Started GET "/messages" for ::1 at 2023-10-25 14:06:16 +0430
Processing by MessagesController#index as HTML
  [1m[36mMessage Load (0.8ms)[0m  [1m[34mSELECT "messages".* FROM "messages" ORDER BY Random() LIMIT $1[0m  [["LIMIT", 1]]
  ↳ app/controllers/messages_controller.rb:6:in `index'
Completed 200 OK in 15ms (Views: 0.2ms | ActiveRecord: 7.1ms | Allocations: 3636)


Started GET "/messages" for ::1 at 2023-10-25 14:06:20 +0430
Processing by MessagesController#index as HTML
  [1m[36mMessage Load (0.3ms)[0m  [1m[34mSELECT "messages".* FROM "messages" ORDER BY Random() LIMIT $1[0m  [["LIMIT", 1]]
  ↳ app/controllers/messages_controller.rb:6:in `index'
Completed 200 OK in 2ms (Views: 0.2ms | ActiveRecord: 0.3ms | Allocations: 664)


Started GET "/messages" for ::1 at 2023-10-25 14:06:43 +0430
Processing by MessagesController#index as HTML
  [1m[36mMessage Load (0.5ms)[0m  [1m[34mSELECT "messages".* FROM "messages" ORDER BY Random() LIMIT $1[0m  [["LIMIT", 1]]
  ↳ app/controllers/messages_controller.rb:6:in `index'
Completed 200 OK in 3ms (Views: 0.2ms | ActiveRecord: 0.5ms | Allocations: 664)


Started GET "/messages" for ::1 at 2023-10-25 14:06:46 +0430
Processing by MessagesController#index as HTML
  [1m[36mMessage Load (0.4ms)[0m  [1m[34mSELECT "messages".* FROM "messages" ORDER BY Random() LIMIT $1[0m  [["LIMIT", 1]]
  ↳ app/controllers/messages_controller.rb:6:in `index'
Completed 200 OK in 3ms (Views: 0.2ms | ActiveRecord: 0.4ms | Allocations: 664)


Started GET "/messages" for ::1 at 2023-10-25 14:06:47 +0430
Processing by MessagesController#index as HTML
  [1m[36mMessage Load (0.3ms)[0m  [1m[34mSELECT "messages".* FROM "messages" ORDER BY Random() LIMIT $1[0m  [["LIMIT", 1]]
  ↳ app/controllers/messages_controller.rb:6:in `index'
Completed 200 OK in 3ms (Views: 0.6ms | ActiveRecord: 0.3ms | Allocations: 664)


Started GET "/messages" for ::1 at 2023-10-25 14:07:02 +0430
Processing by MessagesController#index as HTML
  [1m[36mMessage Load (0.9ms)[0m  [1m[34mSELECT "messages".* FROM "messages" ORDER BY Random() LIMIT $1[0m  [["LIMIT", 1]]
  ↳ app/controllers/messages_controller.rb:6:in `index'
Completed 200 OK in 7ms (Views: 0.5ms | ActiveRecord: 0.9ms | Allocations: 664)


Started GET "/messages" for ::1 at 2023-10-25 14:07:04 +0430
Processing by MessagesController#index as HTML
  [1m[36mMessage Load (0.9ms)[0m  [1m[34mSELECT "messages".* FROM "messages" ORDER BY Random() LIMIT $1[0m  [["LIMIT", 1]]
  ↳ app/controllers/messages_controller.rb:6:in `index'
Completed 200 OK in 7ms (Views: 0.6ms | ActiveRecord: 0.9ms | Allocations: 664)


Started GET "/messages" for ::1 at 2023-10-25 14:07:37 +0430
Processing by MessagesController#index as HTML
  [1m[36mMessage Load (0.4ms)[0m  [1m[34mSELECT "messages".* FROM "messages" ORDER BY Random() LIMIT $1[0m  [["LIMIT", 1]]
  ↳ app/controllers/messages_controller.rb:6:in `index'
Completed 200 OK in 4ms (Views: 0.6ms | ActiveRecord: 0.4ms | Allocations: 664)


Started GET "/messages" for ::1 at 2023-10-25 14:07:52 +0430
Processing by MessagesController#index as HTML
  [1m[36mMessage Load (0.4ms)[0m  [1m[34mSELECT "messages".* FROM "messages" ORDER BY Random() LIMIT $1[0m  [["LIMIT", 1]]
  ↳ app/controllers/messages_controller.rb:6:in `index'
Completed 200 OK in 3ms (Views: 0.3ms | ActiveRecord: 0.4ms | Allocations: 664)


Started GET "/messages" for ::1 at 2023-10-25 14:07:57 +0430
Processing by MessagesController#index as HTML
  [1m[36mMessage Load (0.6ms)[0m  [1m[34mSELECT "messages".* FROM "messages" ORDER BY Random() LIMIT $1[0m  [["LIMIT", 1]]
  ↳ app/controllers/messages_controller.rb:6:in `index'
Completed 200 OK in 4ms (Views: 0.2ms | ActiveRecord: 0.6ms | Allocations: 664)


Started GET "/messages" for ::1 at 2023-10-25 14:20:38 +0430
Processing by MessagesController#index as HTML
  [1m[36mMessage Load (1.1ms)[0m  [1m[34mSELECT "messages".* FROM "messages" ORDER BY Random() LIMIT $1[0m  [["LIMIT", 1]]
  ↳ app/controllers/messages_controller.rb:6:in `index'
Completed 200 OK in 43ms (Views: 0.2ms | ActiveRecord: 17.7ms | Allocations: 3575)


Started GET "/messages" for ::1 at 2023-10-25 14:21:07 +0430
Processing by MessagesController#index as HTML
  [1m[36mMessage Load (0.4ms)[0m  [1m[34mSELECT "messages".* FROM "messages" ORDER BY Random() LIMIT $1[0m  [["LIMIT", 1]]
  ↳ app/controllers/messages_controller.rb:6:in `index'
Completed 200 OK in 3ms (Views: 0.2ms | ActiveRecord: 0.4ms | Allocations: 664)


Started GET "/messages" for ::1 at 2023-10-25 14:22:00 +0430
Processing by MessagesController#index as HTML
  [1m[36mMessage Load (0.5ms)[0m  [1m[34mSELECT "messages".* FROM "messages" ORDER BY Random() LIMIT $1[0m  [["LIMIT", 1]]
  ↳ app/controllers/messages_controller.rb:6:in `index'
Completed 200 OK in 33ms (Views: 0.3ms | ActiveRecord: 0.5ms | Allocations: 665)


Started GET "/messages" for ::1 at 2023-10-25 14:22:09 +0430
Processing by MessagesController#index as HTML
  [1m[36mMessage Load (0.4ms)[0m  [1m[34mSELECT "messages".* FROM "messages" ORDER BY Random() LIMIT $1[0m  [["LIMIT", 1]]
  ↳ app/controllers/messages_controller.rb:6:in `index'
Completed 200 OK in 9ms (Views: 0.3ms | ActiveRecord: 0.4ms | Allocations: 664)


Started GET "/messages" for ::1 at 2023-10-25 14:22:11 +0430
Processing by MessagesController#index as HTML
  [1m[36mMessage Load (0.4ms)[0m  [1m[34mSELECT "messages".* FROM "messages" ORDER BY Random() LIMIT $1[0m  [["LIMIT", 1]]
  ↳ app/controllers/messages_controller.rb:6:in `index'
Completed 200 OK in 15ms (Views: 11.2ms | ActiveRecord: 0.4ms | Allocations: 664)


Started GET "/messages" for ::1 at 2023-10-25 14:22:36 +0430
Processing by MessagesController#index as HTML
  [1m[36mMessage Load (0.5ms)[0m  [1m[34mSELECT "messages".* FROM "messages" ORDER BY Random() LIMIT $1[0m  [["LIMIT", 1]]
  ↳ app/controllers/messages_controller.rb:6:in `index'
Completed 200 OK in 4ms (Views: 0.4ms | ActiveRecord: 0.5ms | Allocations: 664)


Started GET "/messages" for ::1 at 2023-10-25 14:22:40 +0430
Processing by MessagesController#index as HTML
  [1m[36mMessage Load (1.7ms)[0m  [1m[34mSELECT "messages".* FROM "messages" ORDER BY Random() LIMIT $1[0m  [["LIMIT", 1]]
  ↳ app/controllers/messages_controller.rb:6:in `index'
Completed 200 OK in 6ms (Views: 0.6ms | ActiveRecord: 1.7ms | Allocations: 664)


Started GET "/messages" for ::1 at 2023-10-25 14:22:42 +0430
Processing by MessagesController#index as HTML
  [1m[36mMessage Load (0.6ms)[0m  [1m[34mSELECT "messages".* FROM "messages" ORDER BY Random() LIMIT $1[0m  [["LIMIT", 1]]
  ↳ app/controllers/messages_controller.rb:6:in `index'
Completed 200 OK in 8ms (Views: 0.9ms | ActiveRecord: 0.6ms | Allocations: 664)


Started GET "/messages" for ::1 at 2023-10-25 14:42:34 +0430
Processing by MessagesController#index as HTML
  [1m[36mMessage Load (1.3ms)[0m  [1m[34mSELECT "messages".* FROM "messages" ORDER BY Random() LIMIT $1[0m  [["LIMIT", 1]]
  ↳ app/controllers/messages_controller.rb:6:in `index'
Completed 200 OK in 40ms (Views: 0.3ms | ActiveRecord: 18.6ms | Allocations: 3606)


Started GET "/messages" for ::1 at 2023-10-25 15:06:38 +0430
Processing by MessagesController#index as HTML
  [1m[36mMessage Load (1.7ms)[0m  [1m[34mSELECT "messages".* FROM "messages" ORDER BY Random() LIMIT $1[0m  [["LIMIT", 1]]
  ↳ app/controllers/messages_controller.rb:6:in `index'
Completed 200 OK in 65ms (Views: 0.3ms | ActiveRecord: 18.9ms | Allocations: 3575)


Started GET "/" for 127.0.0.1 at 2023-10-25 15:19:39 +0430
  [1m[36mActiveRecord::SchemaMigration Pluck (0.6ms)[0m  [1m[34mSELECT "schema_migrations"."version" FROM "schema_migrations" ORDER BY "schema_migrations"."version" ASC[0m
Processing by Rails::WelcomeController#index as HTML
  Rendering /usr/share/rvm/gems/ruby-3.2.2/gems/railties-7.0.8/lib/rails/templates/rails/welcome/index.html.erb
  Rendered /usr/share/rvm/gems/ruby-3.2.2/gems/railties-7.0.8/lib/rails/templates/rails/welcome/index.html.erb (Duration: 1.6ms | Allocations: 490)
Completed 200 OK in 33ms (Views: 4.1ms | ActiveRecord: 0.0ms | Allocations: 4054)


Started GET "/messages" for 127.0.0.1 at 2023-10-25 15:19:45 +0430
Processing by MessagesController#index as HTML
  [1m[36mMessage Load (1.2ms)[0m  [1m[34mSELECT "messages".* FROM "messages" ORDER BY Random() LIMIT $1[0m  [["LIMIT", 1]]
  ↳ app/controllers/messages_controller.rb:6:in `index'
Completed 200 OK in 39ms (Views: 0.4ms | ActiveRecord: 8.6ms | Allocations: 5505)


Started GET "/messages" for ::1 at 2023-10-25 15:19:54 +0430
Processing by MessagesController#index as HTML
  [1m[36mMessage Load (0.9ms)[0m  [1m[34mSELECT "messages".* FROM "messages" ORDER BY Random() LIMIT $1[0m  [["LIMIT", 1]]
  ↳ app/controllers/messages_controller.rb:6:in `index'
Completed 200 OK in 7ms (Views: 0.2ms | ActiveRecord: 0.9ms | Allocations: 679)


Started GET "/messages" for ::1 at 2023-10-25 15:20:10 +0430
Processing by MessagesController#index as HTML
  [1m[36mMessage Load (1.3ms)[0m  [1m[34mSELECT "messages".* FROM "messages" ORDER BY Random() LIMIT $1[0m  [["LIMIT", 1]]
  ↳ app/controllers/messages_controller.rb:6:in `index'
Completed 200 OK in 92ms (Views: 0.2ms | ActiveRecord: 1.3ms | Allocations: 680)


Started GET "/messages" for ::1 at 2023-10-25 15:20:13 +0430
Processing by MessagesController#index as HTML
  [1m[36mMessage Load (0.4ms)[0m  [1m[34mSELECT "messages".* FROM "messages" ORDER BY Random() LIMIT $1[0m  [["LIMIT", 1]]
  ↳ app/controllers/messages_controller.rb:6:in `index'
Completed 200 OK in 4ms (Views: 0.4ms | ActiveRecord: 0.4ms | Allocations: 679)


Started GET "/messages" for 127.0.0.1 at 2023-10-25 15:20:57 +0430
  [1m[36mActiveRecord::SchemaMigration Pluck (0.5ms)[0m  [1m[34mSELECT "schema_migrations"."version" FROM "schema_migrations" ORDER BY "schema_migrations"."version" ASC[0m
Processing by MessagesController#index as HTML
  [1m[36mMessage Load (1.0ms)[0m  [1m[34mSELECT "messages".* FROM "messages" ORDER BY Random() LIMIT $1[0m  [["LIMIT", 1]]
  ↳ app/controllers/messages_controller.rb:6:in `index'
Completed 200 OK in 28ms (Views: 0.3ms | ActiveRecord: 6.1ms | Allocations: 7567)


Started GET "/messages" for 127.0.0.1 at 2023-10-25 15:20:58 +0430
Processing by MessagesController#index as HTML
  [1m[36mMessage Load (0.9ms)[0m  [1m[34mSELECT "messages".* FROM "messages" ORDER BY Random() LIMIT $1[0m  [["LIMIT", 1]]
  ↳ app/controllers/messages_controller.rb:6:in `index'
Completed 200 OK in 7ms (Views: 0.5ms | ActiveRecord: 0.9ms | Allocations: 682)


Started GET "/messages" for 127.0.0.1 at 2023-10-25 15:20:59 +0430
Processing by MessagesController#index as HTML
  [1m[36mMessage Load (0.5ms)[0m  [1m[34mSELECT "messages".* FROM "messages" ORDER BY Random() LIMIT $1[0m  [["LIMIT", 1]]
  ↳ app/controllers/messages_controller.rb:6:in `index'
Completed 200 OK in 4ms (Views: 0.2ms | ActiveRecord: 0.5ms | Allocations: 679)


Started GET "/messages" for 127.0.0.1 at 2023-10-25 15:21:00 +0430
Processing by MessagesController#index as HTML
  [1m[36mMessage Load (1.0ms)[0m  [1m[34mSELECT "messages".* FROM "messages" ORDER BY Random() LIMIT $1[0m  [["LIMIT", 1]]
  ↳ app/controllers/messages_controller.rb:6:in `index'
Completed 200 OK in 6ms (Views: 0.3ms | ActiveRecord: 1.0ms | Allocations: 679)


Started GET "/messages" for 127.0.0.1 at 2023-10-25 15:21:01 +0430
Processing by MessagesController#index as HTML
  [1m[36mMessage Load (0.7ms)[0m  [1m[34mSELECT "messages".* FROM "messages" ORDER BY Random() LIMIT $1[0m  [["LIMIT", 1]]
  ↳ app/controllers/messages_controller.rb:6:in `index'
Completed 200 OK in 7ms (Views: 0.4ms | ActiveRecord: 0.7ms | Allocations: 680)


Started GET "/messages" for 127.0.0.1 at 2023-10-25 15:21:01 +0430
Processing by MessagesController#index as HTML
  [1m[36mMessage Load (0.6ms)[0m  [1m[34mSELECT "messages".* FROM "messages" ORDER BY Random() LIMIT $1[0m  [["LIMIT", 1]]
  ↳ app/controllers/messages_controller.rb:6:in `index'
Completed 200 OK in 4ms (Views: 0.2ms | ActiveRecord: 0.6ms | Allocations: 665)


Started GET "/messages" for 127.0.0.1 at 2023-10-25 15:21:02 +0430
Processing by MessagesController#index as HTML
  [1m[36mMessage Load (0.9ms)[0m  [1m[34mSELECT "messages".* FROM "messages" ORDER BY Random() LIMIT $1[0m  [["LIMIT", 1]]
  ↳ app/controllers/messages_controller.rb:6:in `index'
Completed 200 OK in 6ms (Views: 0.4ms | ActiveRecord: 0.9ms | Allocations: 665)


Started GET "/messages" for 127.0.0.1 at 2023-10-25 15:21:02 +0430
Processing by MessagesController#index as HTML
  [1m[36mMessage Load (0.5ms)[0m  [1m[34mSELECT "messages".* FROM "messages" ORDER BY Random() LIMIT $1[0m  [["LIMIT", 1]]
  ↳ app/controllers/messages_controller.rb:6:in `index'
Completed 200 OK in 3ms (Views: 0.3ms | ActiveRecord: 0.5ms | Allocations: 666)


Started GET "/messages" for 127.0.0.1 at 2023-10-25 15:21:02 +0430
Processing by MessagesController#index as HTML
  [1m[36mMessage Load (0.7ms)[0m  [1m[34mSELECT "messages".* FROM "messages" ORDER BY Random() LIMIT $1[0m  [["LIMIT", 1]]
  ↳ app/controllers/messages_controller.rb:6:in `index'
Completed 200 OK in 4ms (Views: 0.2ms | ActiveRecord: 0.7ms | Allocations: 665)


Started GET "/messages" for ::1 at 2023-10-25 15:21:06 +0430
Processing by MessagesController#index as HTML
  [1m[36mMessage Load (0.4ms)[0m  [1m[34mSELECT "messages".* FROM "messages" ORDER BY Random() LIMIT $1[0m  [["LIMIT", 1]]
  ↳ app/controllers/messages_controller.rb:6:in `index'
Completed 200 OK in 3ms (Views: 0.2ms | ActiveRecord: 0.4ms | Allocations: 665)


Started GET "/messages" for ::1 at 2023-10-25 15:21:06 +0430
Processing by MessagesController#index as HTML
  [1m[36mMessage Load (0.3ms)[0m  [1m[34mSELECT "messages".* FROM "messages" ORDER BY Random() LIMIT $1[0m  [["LIMIT", 1]]
  ↳ app/controllers/messages_controller.rb:6:in `index'
Completed 200 OK in 3ms (Views: 0.2ms | ActiveRecord: 0.3ms | Allocations: 665)


Started GET "/messages" for ::1 at 2023-10-25 15:21:07 +0430
Processing by MessagesController#index as HTML
  [1m[36mMessage Load (0.5ms)[0m  [1m[34mSELECT "messages".* FROM "messages" ORDER BY Random() LIMIT $1[0m  [["LIMIT", 1]]
  ↳ app/controllers/messages_controller.rb:6:in `index'
Completed 200 OK in 3ms (Views: 0.5ms | ActiveRecord: 0.5ms | Allocations: 665)


Started GET "/messages" for ::1 at 2023-10-25 15:21:08 +0430
Processing by MessagesController#index as HTML
  [1m[36mMessage Load (1.4ms)[0m  [1m[34mSELECT "messages".* FROM "messages" ORDER BY Random() LIMIT $1[0m  [["LIMIT", 1]]
  ↳ app/controllers/messages_controller.rb:6:in `index'
Completed 200 OK in 5ms (Views: 0.4ms | ActiveRecord: 1.4ms | Allocations: 665)


Started GET "/messages" for ::1 at 2023-10-25 15:21:08 +0430
Processing by MessagesController#index as HTML
  [1m[36mMessage Load (0.6ms)[0m  [1m[34mSELECT "messages".* FROM "messages" ORDER BY Random() LIMIT $1[0m  [["LIMIT", 1]]
  ↳ app/controllers/messages_controller.rb:6:in `index'
Completed 200 OK in 7ms (Views: 1.2ms | ActiveRecord: 0.6ms | Allocations: 665)


Started GET "/messages" for ::1 at 2023-10-25 15:21:09 +0430
Processing by MessagesController#index as HTML
  [1m[36mMessage Load (0.4ms)[0m  [1m[34mSELECT "messages".* FROM "messages" ORDER BY Random() LIMIT $1[0m  [["LIMIT", 1]]
  ↳ app/controllers/messages_controller.rb:6:in `index'
Completed 200 OK in 3ms (Views: 0.2ms | ActiveRecord: 0.4ms | Allocations: 665)


Started GET "/messages" for ::1 at 2023-10-25 15:21:09 +0430
Processing by MessagesController#index as HTML
  [1m[36mMessage Load (2.6ms)[0m  [1m[34mSELECT "messages".* FROM "messages" ORDER BY Random() LIMIT $1[0m  [["LIMIT", 1]]
  ↳ app/controllers/messages_controller.rb:6:in `index'
Completed 200 OK in 5ms (Views: 0.2ms | ActiveRecord: 2.6ms | Allocations: 665)


Started GET "/messages" for ::1 at 2023-10-25 15:21:10 +0430
Processing by MessagesController#index as HTML
  [1m[36mMessage Load (0.4ms)[0m  [1m[34mSELECT "messages".* FROM "messages" ORDER BY Random() LIMIT $1[0m  [["LIMIT", 1]]
  ↳ app/controllers/messages_controller.rb:6:in `index'
Completed 200 OK in 3ms (Views: 0.2ms | ActiveRecord: 0.4ms | Allocations: 665)


Started GET "/messages" for ::1 at 2023-10-25 15:22:12 +0430
Processing by MessagesController#index as HTML
  [1m[36mMessage Load (0.4ms)[0m  [1m[34mSELECT "messages".* FROM "messages" ORDER BY Random() LIMIT $1[0m  [["LIMIT", 1]]
  ↳ app/controllers/messages_controller.rb:6:in `index'
Completed 200 OK in 4ms (Views: 0.2ms | ActiveRecord: 0.4ms | Allocations: 666)


Started GET "/messages" for ::1 at 2023-10-25 15:22:13 +0430
Processing by MessagesController#index as HTML
  [1m[36mMessage Load (3.9ms)[0m  [1m[34mSELECT "messages".* FROM "messages" ORDER BY Random() LIMIT $1[0m  [["LIMIT", 1]]
  ↳ app/controllers/messages_controller.rb:6:in `index'
Completed 200 OK in 24ms (Views: 0.2ms | ActiveRecord: 3.9ms | Allocations: 665)


Started GET "/messages" for ::1 at 2023-10-25 15:22:15 +0430
Processing by MessagesController#index as HTML
  [1m[36mMessage Load (0.4ms)[0m  [1m[34mSELECT "messages".* FROM "messages" ORDER BY Random() LIMIT $1[0m  [["LIMIT", 1]]
  ↳ app/controllers/messages_controller.rb:6:in `index'
Completed 200 OK in 3ms (Views: 0.1ms | ActiveRecord: 0.4ms | Allocations: 666)


Started GET "/messages" for ::1 at 2023-10-25 15:22:16 +0430
Processing by MessagesController#index as HTML
  [1m[36mMessage Load (0.8ms)[0m  [1m[34mSELECT "messages".* FROM "messages" ORDER BY Random() LIMIT $1[0m  [["LIMIT", 1]]
  ↳ app/controllers/messages_controller.rb:6:in `index'
Completed 200 OK in 5ms (Views: 0.2ms | ActiveRecord: 0.8ms | Allocations: 665)


Started GET "/messages" for ::1 at 2023-10-25 15:23:54 +0430
  [1m[36mActiveRecord::SchemaMigration Pluck (0.7ms)[0m  [1m[34mSELECT "schema_migrations"."version" FROM "schema_migrations" ORDER BY "schema_migrations"."version" ASC[0m
Processing by MessagesController#index as HTML
  [1m[36mMessage Load (0.7ms)[0m  [1m[34mSELECT "messages".* FROM "messages" ORDER BY Random() LIMIT $1[0m  [["LIMIT", 1]]
  ↳ app/controllers/messages_controller.rb:6:in `index'
Completed 200 OK in 21ms (Views: 0.6ms | ActiveRecord: 4.4ms | Allocations: 7567)


Started GET "/messages" for 127.0.0.1 at 2023-10-25 15:23:56 +0430
Processing by MessagesController#index as HTML
  [1m[36mMessage Load (0.8ms)[0m  [1m[34mSELECT "messages".* FROM "messages" ORDER BY Random() LIMIT $1[0m  [["LIMIT", 1]]
  ↳ app/controllers/messages_controller.rb:6:in `index'
Completed 200 OK in 7ms (Views: 0.4ms | ActiveRecord: 0.8ms | Allocations: 682)


Started GET "/messages" for 127.0.0.1 at 2023-10-25 15:23:57 +0430
Processing by MessagesController#index as HTML
  [1m[36mMessage Load (0.7ms)[0m  [1m[34mSELECT "messages".* FROM "messages" ORDER BY Random() LIMIT $1[0m  [["LIMIT", 1]]
  ↳ app/controllers/messages_controller.rb:6:in `index'
Completed 200 OK in 6ms (Views: 0.5ms | ActiveRecord: 0.7ms | Allocations: 679)


Started GET "/messages" for 127.0.0.1 at 2023-10-25 15:23:57 +0430
Processing by MessagesController#index as HTML
  [1m[36mMessage Load (0.7ms)[0m  [1m[34mSELECT "messages".* FROM "messages" ORDER BY Random() LIMIT $1[0m  [["LIMIT", 1]]
  ↳ app/controllers/messages_controller.rb:6:in `index'
Completed 200 OK in 7ms (Views: 0.5ms | ActiveRecord: 0.7ms | Allocations: 680)


Started GET "/messages" for 127.0.0.1 at 2023-10-25 15:23:58 +0430
Processing by MessagesController#index as HTML
  [1m[36mMessage Load (0.9ms)[0m  [1m[34mSELECT "messages".* FROM "messages" ORDER BY Random() LIMIT $1[0m  [["LIMIT", 1]]
  ↳ app/controllers/messages_controller.rb:6:in `index'
Completed 200 OK in 7ms (Views: 0.5ms | ActiveRecord: 0.9ms | Allocations: 679)


Started GET "/messages" for 127.0.0.1 at 2023-10-25 15:23:58 +0430
Processing by MessagesController#index as HTML
  [1m[36mMessage Load (0.4ms)[0m  [1m[34mSELECT "messages".* FROM "messages" ORDER BY Random() LIMIT $1[0m  [["LIMIT", 1]]
  ↳ app/controllers/messages_controller.rb:6:in `index'
Completed 200 OK in 3ms (Views: 0.2ms | ActiveRecord: 0.4ms | Allocations: 665)


Started GET "/messages" for 127.0.0.1 at 2023-10-25 15:23:59 +0430
Processing by MessagesController#index as HTML
  [1m[36mMessage Load (0.8ms)[0m  [1m[34mSELECT "messages".* FROM "messages" ORDER BY Random() LIMIT $1[0m  [["LIMIT", 1]]
  ↳ app/controllers/messages_controller.rb:6:in `index'
Completed 200 OK in 8ms (Views: 0.5ms | ActiveRecord: 0.8ms | Allocations: 665)


Started GET "/messages" for 127.0.0.1 at 2023-10-25 15:23:59 +0430
Processing by MessagesController#index as HTML
  [1m[36mMessage Load (0.9ms)[0m  [1m[34mSELECT "messages".* FROM "messages" ORDER BY Random() LIMIT $1[0m  [["LIMIT", 1]]
  ↳ app/controllers/messages_controller.rb:6:in `index'
Completed 200 OK in 11ms (Views: 0.3ms | ActiveRecord: 0.9ms | Allocations: 665)


Started GET "/messages" for 127.0.0.1 at 2023-10-25 15:24:00 +0430
Processing by MessagesController#index as HTML
  [1m[36mMessage Load (0.4ms)[0m  [1m[34mSELECT "messages".* FROM "messages" ORDER BY Random() LIMIT $1[0m  [["LIMIT", 1]]
  ↳ app/controllers/messages_controller.rb:6:in `index'
Completed 200 OK in 3ms (Views: 0.1ms | ActiveRecord: 0.4ms | Allocations: 666)


Started GET "/messages" for 127.0.0.1 at 2023-10-25 15:24:00 +0430
Processing by MessagesController#index as HTML
  [1m[36mMessage Load (0.5ms)[0m  [1m[34mSELECT "messages".* FROM "messages" ORDER BY Random() LIMIT $1[0m  [["LIMIT", 1]]
  ↳ app/controllers/messages_controller.rb:6:in `index'
Completed 200 OK in 4ms (Views: 0.2ms | ActiveRecord: 0.5ms | Allocations: 665)


Started GET "/messages" for 127.0.0.1 at 2023-10-25 15:24:00 +0430
Processing by MessagesController#index as HTML
  [1m[36mMessage Load (0.4ms)[0m  [1m[34mSELECT "messages".* FROM "messages" ORDER BY Random() LIMIT $1[0m  [["LIMIT", 1]]
  ↳ app/controllers/messages_controller.rb:6:in `index'
Completed 200 OK in 2ms (Views: 0.2ms | ActiveRecord: 0.4ms | Allocations: 665)


Started GET "/messages" for 127.0.0.1 at 2023-10-25 15:24:01 +0430
Processing by MessagesController#index as HTML
  [1m[36mMessage Load (0.6ms)[0m  [1m[34mSELECT "messages".* FROM "messages" ORDER BY Random() LIMIT $1[0m  [["LIMIT", 1]]
  ↳ app/controllers/messages_controller.rb:6:in `index'
Completed 200 OK in 3ms (Views: 0.1ms | ActiveRecord: 0.6ms | Allocations: 665)


Started GET "/messages" for 127.0.0.1 at 2023-10-25 15:24:01 +0430
Processing by MessagesController#index as HTML
  [1m[36mMessage Load (0.4ms)[0m  [1m[34mSELECT "messages".* FROM "messages" ORDER BY Random() LIMIT $1[0m  [["LIMIT", 1]]
  ↳ app/controllers/messages_controller.rb:6:in `index'
Completed 200 OK in 3ms (Views: 0.2ms | ActiveRecord: 0.4ms | Allocations: 665)


Started GET "/messages" for 127.0.0.1 at 2023-10-25 15:24:01 +0430
Processing by MessagesController#index as HTML
  [1m[36mMessage Load (0.5ms)[0m  [1m[34mSELECT "messages".* FROM "messages" ORDER BY Random() LIMIT $1[0m  [["LIMIT", 1]]
  ↳ app/controllers/messages_controller.rb:6:in `index'
Completed 200 OK in 3ms (Views: 0.2ms | ActiveRecord: 0.5ms | Allocations: 665)


Started GET "/messages" for 127.0.0.1 at 2023-10-25 15:24:01 +0430
Processing by MessagesController#index as HTML
  [1m[36mMessage Load (0.4ms)[0m  [1m[34mSELECT "messages".* FROM "messages" ORDER BY Random() LIMIT $1[0m  [["LIMIT", 1]]
  ↳ app/controllers/messages_controller.rb:6:in `index'
Completed 200 OK in 3ms (Views: 0.2ms | ActiveRecord: 0.4ms | Allocations: 665)


Started GET "/messages" for 127.0.0.1 at 2023-10-25 15:24:01 +0430
Processing by MessagesController#index as HTML
  [1m[36mMessage Load (0.3ms)[0m  [1m[34mSELECT "messages".* FROM "messages" ORDER BY Random() LIMIT $1[0m  [["LIMIT", 1]]
  ↳ app/controllers/messages_controller.rb:6:in `index'
Completed 200 OK in 3ms (Views: 0.1ms | ActiveRecord: 0.3ms | Allocations: 665)


Started GET "/messages" for ::1 at 2023-10-25 15:24:04 +0430
Processing by MessagesController#index as HTML
  [1m[36mMessage Load (0.4ms)[0m  [1m[34mSELECT "messages".* FROM "messages" ORDER BY Random() LIMIT $1[0m  [["LIMIT", 1]]
  ↳ app/controllers/messages_controller.rb:6:in `index'
Completed 200 OK in 4ms (Views: 0.3ms | ActiveRecord: 0.4ms | Allocations: 665)


Started GET "/messages" for ::1 at 2023-10-25 15:24:05 +0430
Processing by MessagesController#index as HTML
  [1m[36mMessage Load (0.7ms)[0m  [1m[34mSELECT "messages".* FROM "messages" ORDER BY Random() LIMIT $1[0m  [["LIMIT", 1]]
  ↳ app/controllers/messages_controller.rb:6:in `index'
Completed 200 OK in 6ms (Views: 0.2ms | ActiveRecord: 0.7ms | Allocations: 665)


Started GET "/messages" for ::1 at 2023-10-25 15:24:05 +0430
Processing by MessagesController#index as HTML
  [1m[36mMessage Load (0.4ms)[0m  [1m[34mSELECT "messages".* FROM "messages" ORDER BY Random() LIMIT $1[0m  [["LIMIT", 1]]
  ↳ app/controllers/messages_controller.rb:6:in `index'
Completed 200 OK in 5ms (Views: 0.2ms | ActiveRecord: 0.4ms | Allocations: 666)


Started GET "/messages" for ::1 at 2023-10-25 15:24:06 +0430
Processing by MessagesController#index as HTML
  [1m[36mMessage Load (0.5ms)[0m  [1m[34mSELECT "messages".* FROM "messages" ORDER BY Random() LIMIT $1[0m  [["LIMIT", 1]]
  ↳ app/controllers/messages_controller.rb:6:in `index'
Completed 200 OK in 4ms (Views: 0.2ms | ActiveRecord: 0.5ms | Allocations: 665)


Started GET "/messages" for ::1 at 2023-10-25 15:24:06 +0430
Processing by MessagesController#index as HTML
  [1m[36mMessage Load (0.5ms)[0m  [1m[34mSELECT "messages".* FROM "messages" ORDER BY Random() LIMIT $1[0m  [["LIMIT", 1]]
  ↳ app/controllers/messages_controller.rb:6:in `index'
Completed 200 OK in 4ms (Views: 0.2ms | ActiveRecord: 0.5ms | Allocations: 665)


Started GET "/messages" for ::1 at 2023-10-25 15:24:06 +0430
Processing by MessagesController#index as HTML
  [1m[36mMessage Load (0.4ms)[0m  [1m[34mSELECT "messages".* FROM "messages" ORDER BY Random() LIMIT $1[0m  [["LIMIT", 1]]
  ↳ app/controllers/messages_controller.rb:6:in `index'
Completed 200 OK in 3ms (Views: 0.1ms | ActiveRecord: 0.4ms | Allocations: 666)


Started GET "/messages" for ::1 at 2023-10-25 15:24:07 +0430
Processing by MessagesController#index as HTML
  [1m[36mMessage Load (1.6ms)[0m  [1m[34mSELECT "messages".* FROM "messages" ORDER BY Random() LIMIT $1[0m  [["LIMIT", 1]]
  ↳ app/controllers/messages_controller.rb:6:in `index'
Completed 200 OK in 5ms (Views: 0.2ms | ActiveRecord: 1.6ms | Allocations: 665)


Started GET "/messages" for ::1 at 2023-10-25 15:24:07 +0430
Processing by MessagesController#index as HTML
  [1m[36mMessage Load (0.4ms)[0m  [1m[34mSELECT "messages".* FROM "messages" ORDER BY Random() LIMIT $1[0m  [["LIMIT", 1]]
  ↳ app/controllers/messages_controller.rb:6:in `index'
Completed 200 OK in 3ms (Views: 0.2ms | ActiveRecord: 0.4ms | Allocations: 665)


Started GET "/messages" for ::1 at 2023-10-25 15:24:08 +0430
Processing by MessagesController#index as HTML
  [1m[36mMessage Load (0.4ms)[0m  [1m[34mSELECT "messages".* FROM "messages" ORDER BY Random() LIMIT $1[0m  [["LIMIT", 1]]
  ↳ app/controllers/messages_controller.rb:6:in `index'
Completed 200 OK in 3ms (Views: 0.2ms | ActiveRecord: 0.4ms | Allocations: 665)


Started GET "/messages" for ::1 at 2023-10-25 15:24:08 +0430
Processing by MessagesController#index as HTML
  [1m[36mMessage Load (0.4ms)[0m  [1m[34mSELECT "messages".* FROM "messages" ORDER BY Random() LIMIT $1[0m  [["LIMIT", 1]]
  ↳ app/controllers/messages_controller.rb:6:in `index'
Completed 200 OK in 4ms (Views: 0.2ms | ActiveRecord: 0.4ms | Allocations: 665)


Started GET "/messages" for ::1 at 2023-10-25 15:24:09 +0430
Processing by MessagesController#index as HTML
  [1m[36mMessage Load (0.6ms)[0m  [1m[34mSELECT "messages".* FROM "messages" ORDER BY Random() LIMIT $1[0m  [["LIMIT", 1]]
  ↳ app/controllers/messages_controller.rb:6:in `index'
Completed 200 OK in 5ms (Views: 0.2ms | ActiveRecord: 0.6ms | Allocations: 665)


Started GET "/messages" for ::1 at 2023-10-25 15:24:09 +0430
Processing by MessagesController#index as HTML
  [1m[36mMessage Load (0.5ms)[0m  [1m[34mSELECT "messages".* FROM "messages" ORDER BY Random() LIMIT $1[0m  [["LIMIT", 1]]
  ↳ app/controllers/messages_controller.rb:6:in `index'
Completed 200 OK in 3ms (Views: 0.2ms | ActiveRecord: 0.5ms | Allocations: 665)


Started GET "/messages" for ::1 at 2023-10-25 15:24:10 +0430
Processing by MessagesController#index as HTML
  [1m[36mMessage Load (0.4ms)[0m  [1m[34mSELECT "messages".* FROM "messages" ORDER BY Random() LIMIT $1[0m  [["LIMIT", 1]]
  ↳ app/controllers/messages_controller.rb:6:in `index'
Completed 200 OK in 3ms (Views: 0.2ms | ActiveRecord: 0.4ms | Allocations: 665)


Started GET "/messages" for ::1 at 2023-10-25 15:24:10 +0430
Processing by MessagesController#index as HTML
  [1m[36mMessage Load (0.5ms)[0m  [1m[34mSELECT "messages".* FROM "messages" ORDER BY Random() LIMIT $1[0m  [["LIMIT", 1]]
  ↳ app/controllers/messages_controller.rb:6:in `index'
Completed 200 OK in 5ms (Views: 0.3ms | ActiveRecord: 0.5ms | Allocations: 665)


Started GET "/messages" for ::1 at 2023-10-25 15:24:10 +0430
Processing by MessagesController#index as HTML
  [1m[36mMessage Load (0.5ms)[0m  [1m[34mSELECT "messages".* FROM "messages" ORDER BY Random() LIMIT $1[0m  [["LIMIT", 1]]
  ↳ app/controllers/messages_controller.rb:6:in `index'
Completed 200 OK in 8ms (Views: 0.2ms | ActiveRecord: 0.5ms | Allocations: 665)


Started GET "/messages" for ::1 at 2023-10-25 15:24:11 +0430
Processing by MessagesController#index as HTML
  [1m[36mMessage Load (1.2ms)[0m  [1m[34mSELECT "messages".* FROM "messages" ORDER BY Random() LIMIT $1[0m  [["LIMIT", 1]]
  ↳ app/controllers/messages_controller.rb:6:in `index'
Completed 200 OK in 6ms (Views: 0.2ms | ActiveRecord: 1.2ms | Allocations: 666)


Started GET "/messages" for ::1 at 2023-10-25 15:24:11 +0430
Processing by MessagesController#index as HTML
  [1m[36mMessage Load (0.4ms)[0m  [1m[34mSELECT "messages".* FROM "messages" ORDER BY Random() LIMIT $1[0m  [["LIMIT", 1]]
  ↳ app/controllers/messages_controller.rb:6:in `index'
Completed 200 OK in 5ms (Views: 0.5ms | ActiveRecord: 0.4ms | Allocations: 665)


Started GET "/messages" for ::1 at 2023-10-25 15:24:11 +0430
Processing by MessagesController#index as HTML
  [1m[36mMessage Load (0.6ms)[0m  [1m[34mSELECT "messages".* FROM "messages" ORDER BY Random() LIMIT $1[0m  [["LIMIT", 1]]
  ↳ app/controllers/messages_controller.rb:6:in `index'
Completed 200 OK in 4ms (Views: 0.2ms | ActiveRecord: 0.6ms | Allocations: 665)


Started GET "/messages" for ::1 at 2023-10-25 15:24:12 +0430
Processing by MessagesController#index as HTML
  [1m[36mMessage Load (0.5ms)[0m  [1m[34mSELECT "messages".* FROM "messages" ORDER BY Random() LIMIT $1[0m  [["LIMIT", 1]]
  ↳ app/controllers/messages_controller.rb:6:in `index'
Completed 200 OK in 3ms (Views: 0.6ms | ActiveRecord: 0.5ms | Allocations: 665)


Started GET "/messages" for ::1 at 2023-10-25 15:24:12 +0430
Processing by MessagesController#index as HTML
  [1m[36mMessage Load (0.4ms)[0m  [1m[34mSELECT "messages".* FROM "messages" ORDER BY Random() LIMIT $1[0m  [["LIMIT", 1]]
  ↳ app/controllers/messages_controller.rb:6:in `index'
Completed 200 OK in 4ms (Views: 0.2ms | ActiveRecord: 0.4ms | Allocations: 665)


Started GET "/messages" for ::1 at 2023-10-25 15:24:12 +0430
Processing by MessagesController#index as HTML
  [1m[36mMessage Load (0.5ms)[0m  [1m[34mSELECT "messages".* FROM "messages" ORDER BY Random() LIMIT $1[0m  [["LIMIT", 1]]
  ↳ app/controllers/messages_controller.rb:6:in `index'
Completed 200 OK in 4ms (Views: 0.2ms | ActiveRecord: 0.5ms | Allocations: 665)


Started GET "/messages" for ::1 at 2023-10-25 15:24:12 +0430
Processing by MessagesController#index as HTML
  [1m[36mMessage Load (1.2ms)[0m  [1m[34mSELECT "messages".* FROM "messages" ORDER BY Random() LIMIT $1[0m  [["LIMIT", 1]]
  ↳ app/controllers/messages_controller.rb:6:in `index'
Completed 200 OK in 5ms (Views: 0.2ms | ActiveRecord: 1.2ms | Allocations: 665)


Started GET "/messages" for ::1 at 2023-10-25 15:24:13 +0430
Processing by MessagesController#index as HTML
  [1m[36mMessage Load (1.0ms)[0m  [1m[34mSELECT "messages".* FROM "messages" ORDER BY Random() LIMIT $1[0m  [["LIMIT", 1]]
  ↳ app/controllers/messages_controller.rb:6:in `index'
Completed 200 OK in 4ms (Views: 0.2ms | ActiveRecord: 1.0ms | Allocations: 665)


Started GET "/messages" for ::1 at 2023-10-25 15:24:13 +0430
Processing by MessagesController#index as HTML
  [1m[36mMessage Load (0.4ms)[0m  [1m[34mSELECT "messages".* FROM "messages" ORDER BY Random() LIMIT $1[0m  [["LIMIT", 1]]
  ↳ app/controllers/messages_controller.rb:6:in `index'
Completed 200 OK in 6ms (Views: 0.2ms | ActiveRecord: 0.4ms | Allocations: 665)


Started GET "/messages" for ::1 at 2023-10-25 15:24:13 +0430
Processing by MessagesController#index as HTML
  [1m[36mMessage Load (0.5ms)[0m  [1m[34mSELECT "messages".* FROM "messages" ORDER BY Random() LIMIT $1[0m  [["LIMIT", 1]]
  ↳ app/controllers/messages_controller.rb:6:in `index'
Completed 200 OK in 4ms (Views: 0.3ms | ActiveRecord: 0.5ms | Allocations: 665)


Started GET "/messages" for ::1 at 2023-10-25 15:24:13 +0430
Processing by MessagesController#index as HTML
  [1m[36mMessage Load (0.4ms)[0m  [1m[34mSELECT "messages".* FROM "messages" ORDER BY Random() LIMIT $1[0m  [["LIMIT", 1]]
  ↳ app/controllers/messages_controller.rb:6:in `index'
Completed 200 OK in 5ms (Views: 0.5ms | ActiveRecord: 0.4ms | Allocations: 665)


Started GET "/messages" for ::1 at 2023-10-25 15:24:14 +0430
Processing by MessagesController#index as HTML
  [1m[36mMessage Load (0.7ms)[0m  [1m[34mSELECT "messages".* FROM "messages" ORDER BY Random() LIMIT $1[0m  [["LIMIT", 1]]
  ↳ app/controllers/messages_controller.rb:6:in `index'
Completed 200 OK in 4ms (Views: 0.3ms | ActiveRecord: 0.7ms | Allocations: 665)


Started GET "/messages" for ::1 at 2023-10-25 15:24:14 +0430
Processing by MessagesController#index as HTML
  [1m[36mMessage Load (0.3ms)[0m  [1m[34mSELECT "messages".* FROM "messages" ORDER BY Random() LIMIT $1[0m  [["LIMIT", 1]]
  ↳ app/controllers/messages_controller.rb:6:in `index'
Completed 200 OK in 4ms (Views: 0.3ms | ActiveRecord: 0.3ms | Allocations: 666)


Started GET "/messages" for ::1 at 2023-10-25 15:24:14 +0430
Processing by MessagesController#index as HTML
  [1m[36mMessage Load (0.3ms)[0m  [1m[34mSELECT "messages".* FROM "messages" ORDER BY Random() LIMIT $1[0m  [["LIMIT", 1]]
  ↳ app/controllers/messages_controller.rb:6:in `index'
Completed 200 OK in 3ms (Views: 0.2ms | ActiveRecord: 0.3ms | Allocations: 665)


Started GET "/messages" for ::1 at 2023-10-25 15:24:14 +0430
Processing by MessagesController#index as HTML
  [1m[36mMessage Load (0.6ms)[0m  [1m[34mSELECT "messages".* FROM "messages" ORDER BY Random() LIMIT $1[0m  [["LIMIT", 1]]
  ↳ app/controllers/messages_controller.rb:6:in `index'
Completed 200 OK in 4ms (Views: 0.2ms | ActiveRecord: 0.6ms | Allocations: 665)


Started GET "/messages" for ::1 at 2023-10-25 15:24:14 +0430
Processing by MessagesController#index as HTML
  [1m[36mMessage Load (0.6ms)[0m  [1m[34mSELECT "messages".* FROM "messages" ORDER BY Random() LIMIT $1[0m  [["LIMIT", 1]]
  ↳ app/controllers/messages_controller.rb:6:in `index'
Completed 200 OK in 6ms (Views: 0.3ms | ActiveRecord: 0.6ms | Allocations: 665)


Started GET "/messages" for ::1 at 2023-10-25 15:24:15 +0430
Processing by MessagesController#index as HTML
  [1m[36mMessage Load (0.4ms)[0m  [1m[34mSELECT "messages".* FROM "messages" ORDER BY Random() LIMIT $1[0m  [["LIMIT", 1]]
  ↳ app/controllers/messages_controller.rb:6:in `index'
Completed 200 OK in 5ms (Views: 0.3ms | ActiveRecord: 0.4ms | Allocations: 665)


Started GET "/messages" for ::1 at 2023-10-25 15:24:15 +0430
Processing by MessagesController#index as HTML
  [1m[36mMessage Load (0.5ms)[0m  [1m[34mSELECT "messages".* FROM "messages" ORDER BY Random() LIMIT $1[0m  [["LIMIT", 1]]
  ↳ app/controllers/messages_controller.rb:6:in `index'
Completed 200 OK in 3ms (Views: 0.2ms | ActiveRecord: 0.5ms | Allocations: 665)


Started GET "/messages" for ::1 at 2023-10-25 15:24:15 +0430
Processing by MessagesController#index as HTML
  [1m[36mMessage Load (0.4ms)[0m  [1m[34mSELECT "messages".* FROM "messages" ORDER BY Random() LIMIT $1[0m  [["LIMIT", 1]]
  ↳ app/controllers/messages_controller.rb:6:in `index'
Completed 200 OK in 3ms (Views: 0.2ms | ActiveRecord: 0.4ms | Allocations: 666)


Started GET "/messages" for ::1 at 2023-10-25 15:24:16 +0430
Processing by MessagesController#index as HTML
  [1m[36mMessage Load (1.2ms)[0m  [1m[34mSELECT "messages".* FROM "messages" ORDER BY Random() LIMIT $1[0m  [["LIMIT", 1]]
  ↳ app/controllers/messages_controller.rb:6:in `index'
Completed 200 OK in 4ms (Views: 0.2ms | ActiveRecord: 1.2ms | Allocations: 665)


Started GET "/messages" for ::1 at 2023-10-25 15:24:16 +0430
Processing by MessagesController#index as HTML
  [1m[36mMessage Load (0.4ms)[0m  [1m[34mSELECT "messages".* FROM "messages" ORDER BY Random() LIMIT $1[0m  [["LIMIT", 1]]
  ↳ app/controllers/messages_controller.rb:6:in `index'
Completed 200 OK in 3ms (Views: 0.2ms | ActiveRecord: 0.4ms | Allocations: 665)


Started GET "/messages" for ::1 at 2023-10-25 15:24:16 +0430
Processing by MessagesController#index as HTML
  [1m[36mMessage Load (0.4ms)[0m  [1m[34mSELECT "messages".* FROM "messages" ORDER BY Random() LIMIT $1[0m  [["LIMIT", 1]]
  ↳ app/controllers/messages_controller.rb:6:in `index'
Completed 200 OK in 3ms (Views: 0.2ms | ActiveRecord: 0.4ms | Allocations: 665)


Started GET "/messages" for ::1 at 2023-10-25 15:24:16 +0430
Processing by MessagesController#index as HTML
  [1m[36mMessage Load (0.6ms)[0m  [1m[34mSELECT "messages".* FROM "messages" ORDER BY Random() LIMIT $1[0m  [["LIMIT", 1]]
  ↳ app/controllers/messages_controller.rb:6:in `index'
Completed 200 OK in 3ms (Views: 0.2ms | ActiveRecord: 0.6ms | Allocations: 665)


Started GET "/messages" for ::1 at 2023-10-25 15:24:17 +0430
Processing by MessagesController#index as HTML
  [1m[36mMessage Load (0.5ms)[0m  [1m[34mSELECT "messages".* FROM "messages" ORDER BY Random() LIMIT $1[0m  [["LIMIT", 1]]
  ↳ app/controllers/messages_controller.rb:6:in `index'
Completed 200 OK in 6ms (Views: 0.2ms | ActiveRecord: 0.5ms | Allocations: 666)


Started GET "/messages" for ::1 at 2023-10-25 15:24:17 +0430
Processing by MessagesController#index as HTML
  [1m[36mMessage Load (0.3ms)[0m  [1m[34mSELECT "messages".* FROM "messages" ORDER BY Random() LIMIT $1[0m  [["LIMIT", 1]]
  ↳ app/controllers/messages_controller.rb:6:in `index'
Completed 200 OK in 2ms (Views: 0.1ms | ActiveRecord: 0.3ms | Allocations: 665)


Started GET "/messages" for ::1 at 2023-10-25 15:24:17 +0430
Processing by MessagesController#index as HTML
  [1m[36mMessage Load (0.5ms)[0m  [1m[34mSELECT "messages".* FROM "messages" ORDER BY Random() LIMIT $1[0m  [["LIMIT", 1]]
  ↳ app/controllers/messages_controller.rb:6:in `index'
Completed 200 OK in 3ms (Views: 0.2ms | ActiveRecord: 0.5ms | Allocations: 665)


Started GET "/messages" for ::1 at 2023-10-25 15:24:18 +0430
Processing by MessagesController#index as HTML
  [1m[36mMessage Load (0.4ms)[0m  [1m[34mSELECT "messages".* FROM "messages" ORDER BY Random() LIMIT $1[0m  [["LIMIT", 1]]
  ↳ app/controllers/messages_controller.rb:6:in `index'
Completed 200 OK in 3ms (Views: 0.2ms | ActiveRecord: 0.4ms | Allocations: 665)


Started GET "/messages" for ::1 at 2023-10-25 15:24:18 +0430
Processing by MessagesController#index as HTML
  [1m[36mMessage Load (0.4ms)[0m  [1m[34mSELECT "messages".* FROM "messages" ORDER BY Random() LIMIT $1[0m  [["LIMIT", 1]]
  ↳ app/controllers/messages_controller.rb:6:in `index'
Completed 200 OK in 5ms (Views: 0.3ms | ActiveRecord: 0.4ms | Allocations: 665)


Started GET "/messages" for ::1 at 2023-10-25 15:24:19 +0430
Processing by MessagesController#index as HTML
  [1m[36mMessage Load (0.5ms)[0m  [1m[34mSELECT "messages".* FROM "messages" ORDER BY Random() LIMIT $1[0m  [["LIMIT", 1]]
  ↳ app/controllers/messages_controller.rb:6:in `index'
Completed 200 OK in 4ms (Views: 0.3ms | ActiveRecord: 0.5ms | Allocations: 665)


Started GET "/messages" for ::1 at 2023-10-25 15:24:19 +0430
Processing by MessagesController#index as HTML
  [1m[36mMessage Load (0.4ms)[0m  [1m[34mSELECT "messages".* FROM "messages" ORDER BY Random() LIMIT $1[0m  [["LIMIT", 1]]
  ↳ app/controllers/messages_controller.rb:6:in `index'
Completed 200 OK in 3ms (Views: 0.2ms | ActiveRecord: 0.4ms | Allocations: 665)


Started GET "/messages" for ::1 at 2023-10-25 15:24:19 +0430
Processing by MessagesController#index as HTML
  [1m[36mMessage Load (0.4ms)[0m  [1m[34mSELECT "messages".* FROM "messages" ORDER BY Random() LIMIT $1[0m  [["LIMIT", 1]]
  ↳ app/controllers/messages_controller.rb:6:in `index'
Completed 200 OK in 3ms (Views: 0.2ms | ActiveRecord: 0.4ms | Allocations: 665)


Started GET "/messages" for ::1 at 2023-10-25 15:24:20 +0430
Processing by MessagesController#index as HTML
  [1m[36mMessage Load (0.9ms)[0m  [1m[34mSELECT "messages".* FROM "messages" ORDER BY Random() LIMIT $1[0m  [["LIMIT", 1]]
  ↳ app/controllers/messages_controller.rb:6:in `index'
Completed 200 OK in 7ms (Views: 0.2ms | ActiveRecord: 0.9ms | Allocations: 665)


Started GET "/messages" for ::1 at 2023-10-25 15:24:20 +0430
Processing by MessagesController#index as HTML
  [1m[36mMessage Load (0.7ms)[0m  [1m[34mSELECT "messages".* FROM "messages" ORDER BY Random() LIMIT $1[0m  [["LIMIT", 1]]
  ↳ app/controllers/messages_controller.rb:6:in `index'
Completed 200 OK in 4ms (Views: 0.2ms | ActiveRecord: 0.7ms | Allocations: 665)


Started GET "/messages" for ::1 at 2023-10-25 15:24:20 +0430
Processing by MessagesController#index as HTML
  [1m[36mMessage Load (0.5ms)[0m  [1m[34mSELECT "messages".* FROM "messages" ORDER BY Random() LIMIT $1[0m  [["LIMIT", 1]]
  ↳ app/controllers/messages_controller.rb:6:in `index'
Completed 200 OK in 5ms (Views: 0.2ms | ActiveRecord: 0.5ms | Allocations: 665)


Started GET "/messages" for ::1 at 2023-10-25 15:24:22 +0430
Processing by MessagesController#index as HTML
  [1m[36mMessage Load (0.9ms)[0m  [1m[34mSELECT "messages".* FROM "messages" ORDER BY Random() LIMIT $1[0m  [["LIMIT", 1]]
  ↳ app/controllers/messages_controller.rb:6:in `index'
Completed 200 OK in 4ms (Views: 0.2ms | ActiveRecord: 0.9ms | Allocations: 665)


Started GET "/messages" for ::1 at 2023-10-25 15:24:22 +0430
Processing by MessagesController#index as HTML
  [1m[36mMessage Load (0.4ms)[0m  [1m[34mSELECT "messages".* FROM "messages" ORDER BY Random() LIMIT $1[0m  [["LIMIT", 1]]
  ↳ app/controllers/messages_controller.rb:6:in `index'
Completed 200 OK in 6ms (Views: 0.9ms | ActiveRecord: 0.4ms | Allocations: 666)


Started GET "/messages" for ::1 at 2023-10-25 15:24:23 +0430
Processing by MessagesController#index as HTML
  [1m[36mMessage Load (0.4ms)[0m  [1m[34mSELECT "messages".* FROM "messages" ORDER BY Random() LIMIT $1[0m  [["LIMIT", 1]]
  ↳ app/controllers/messages_controller.rb:6:in `index'
Completed 200 OK in 3ms (Views: 0.3ms | ActiveRecord: 0.4ms | Allocations: 665)


Started GET "/messages" for ::1 at 2023-10-25 15:24:23 +0430
Processing by MessagesController#index as HTML
  [1m[36mMessage Load (0.5ms)[0m  [1m[34mSELECT "messages".* FROM "messages" ORDER BY Random() LIMIT $1[0m  [["LIMIT", 1]]
  ↳ app/controllers/messages_controller.rb:6:in `index'
Completed 200 OK in 5ms (Views: 0.2ms | ActiveRecord: 0.5ms | Allocations: 665)


Started GET "/messages" for ::1 at 2023-10-25 15:25:58 +0430
  [1m[36mActiveRecord::SchemaMigration Pluck (0.5ms)[0m  [1m[34mSELECT "schema_migrations"."version" FROM "schema_migrations" ORDER BY "schema_migrations"."version" ASC[0m
Processing by MessagesController#index as HTML
  [1m[36mMessage Load (0.8ms)[0m  [1m[34mSELECT "messages".* FROM "messages" ORDER BY Random() LIMIT $1[0m  [["LIMIT", 1]]
  ↳ app/controllers/messages_controller.rb:6:in `index'
Completed 200 OK in 26ms (Views: 0.4ms | ActiveRecord: 4.6ms | Allocations: 7567)


Started GET "/messages" for ::1 at 2023-10-25 15:26:00 +0430
Processing by MessagesController#index as HTML
  [1m[36mMessage Load (0.6ms)[0m  [1m[34mSELECT "messages".* FROM "messages" ORDER BY Random() LIMIT $1[0m  [["LIMIT", 1]]
  ↳ app/controllers/messages_controller.rb:6:in `index'
Completed 200 OK in 5ms (Views: 0.2ms | ActiveRecord: 0.6ms | Allocations: 682)


Started GET "/messages" for ::1 at 2023-10-25 15:26:01 +0430
Processing by MessagesController#index as HTML
  [1m[36mMessage Load (0.4ms)[0m  [1m[34mSELECT "messages".* FROM "messages" ORDER BY Random() LIMIT $1[0m  [["LIMIT", 1]]
  ↳ app/controllers/messages_controller.rb:6:in `index'
Completed 200 OK in 7ms (Views: 0.7ms | ActiveRecord: 0.4ms | Allocations: 679)


Started GET "/messages" for ::1 at 2023-10-25 15:26:02 +0430
Processing by MessagesController#index as HTML
  [1m[36mMessage Load (1.6ms)[0m  [1m[34mSELECT "messages".* FROM "messages" ORDER BY Random() LIMIT $1[0m  [["LIMIT", 1]]
  ↳ app/controllers/messages_controller.rb:6:in `index'
Completed 200 OK in 6ms (Views: 0.6ms | ActiveRecord: 1.6ms | Allocations: 680)


Started GET "/messages" for ::1 at 2023-10-25 15:26:03 +0430
Processing by MessagesController#index as HTML
  [1m[36mMessage Load (0.4ms)[0m  [1m[34mSELECT "messages".* FROM "messages" ORDER BY Random() LIMIT $1[0m  [["LIMIT", 1]]
  ↳ app/controllers/messages_controller.rb:6:in `index'
Completed 200 OK in 4ms (Views: 0.9ms | ActiveRecord: 0.4ms | Allocations: 679)


Started GET "/messages" for ::1 at 2023-10-25 15:26:04 +0430
Processing by MessagesController#index as HTML
  [1m[36mMessage Load (0.6ms)[0m  [1m[34mSELECT "messages".* FROM "messages" ORDER BY Random() LIMIT $1[0m  [["LIMIT", 1]]
  ↳ app/controllers/messages_controller.rb:6:in `index'
Completed 200 OK in 6ms (Views: 0.2ms | ActiveRecord: 0.6ms | Allocations: 665)


Started GET "/messages" for ::1 at 2023-10-25 15:26:04 +0430
Processing by MessagesController#index as HTML
  [1m[36mMessage Load (1.5ms)[0m  [1m[34mSELECT "messages".* FROM "messages" ORDER BY Random() LIMIT $1[0m  [["LIMIT", 1]]
  ↳ app/controllers/messages_controller.rb:6:in `index'
Completed 200 OK in 8ms (Views: 0.2ms | ActiveRecord: 1.5ms | Allocations: 665)


Started GET "/messages" for ::1 at 2023-10-25 15:26:05 +0430
Processing by MessagesController#index as HTML
  [1m[36mMessage Load (0.4ms)[0m  [1m[34mSELECT "messages".* FROM "messages" ORDER BY Random() LIMIT $1[0m  [["LIMIT", 1]]
  ↳ app/controllers/messages_controller.rb:6:in `index'
Completed 200 OK in 6ms (Views: 2.5ms | ActiveRecord: 0.4ms | Allocations: 665)


Started GET "/messages" for ::1 at 2023-10-25 15:26:22 +0430
  [1m[36mActiveRecord::SchemaMigration Pluck (0.5ms)[0m  [1m[34mSELECT "schema_migrations"."version" FROM "schema_migrations" ORDER BY "schema_migrations"."version" ASC[0m
Processing by MessagesController#index as HTML
  [1m[36mMessage Load (0.9ms)[0m  [1m[34mSELECT "messages".* FROM "messages" ORDER BY Random() LIMIT $1[0m  [["LIMIT", 1]]
  ↳ app/controllers/messages_controller.rb:6:in `index'
Completed 200 OK in 20ms (Views: 0.3ms | ActiveRecord: 4.3ms | Allocations: 7567)


Started GET "/messages" for ::1 at 2023-10-25 15:26:23 +0430
Processing by MessagesController#index as HTML
  [1m[36mMessage Load (1.6ms)[0m  [1m[34mSELECT "messages".* FROM "messages" ORDER BY Random() LIMIT $1[0m  [["LIMIT", 1]]
  ↳ app/controllers/messages_controller.rb:6:in `index'
Completed 200 OK in 6ms (Views: 0.2ms | ActiveRecord: 1.6ms | Allocations: 682)


Started GET "/messages" for ::1 at 2023-10-25 15:26:24 +0430
Processing by MessagesController#index as HTML
  [1m[36mMessage Load (1.2ms)[0m  [1m[34mSELECT "messages".* FROM "messages" ORDER BY Random() LIMIT $1[0m  [["LIMIT", 1]]
  ↳ app/controllers/messages_controller.rb:6:in `index'
Completed 200 OK in 9ms (Views: 0.2ms | ActiveRecord: 1.2ms | Allocations: 679)


Started GET "/messages" for ::1 at 2023-10-25 15:26:25 +0430
Processing by MessagesController#index as HTML
  [1m[36mMessage Load (0.5ms)[0m  [1m[34mSELECT "messages".* FROM "messages" ORDER BY Random() LIMIT $1[0m  [["LIMIT", 1]]
  ↳ app/controllers/messages_controller.rb:6:in `index'
Completed 200 OK in 3ms (Views: 0.7ms | ActiveRecord: 0.5ms | Allocations: 679)


Started GET "/messages" for ::1 at 2023-10-25 15:26:26 +0430
Processing by MessagesController#index as HTML
  [1m[36mMessage Load (1.1ms)[0m  [1m[34mSELECT "messages".* FROM "messages" ORDER BY Random() LIMIT $1[0m  [["LIMIT", 1]]
  ↳ app/controllers/messages_controller.rb:6:in `index'
Completed 200 OK in 5ms (Views: 0.2ms | ActiveRecord: 1.1ms | Allocations: 679)


Started GET "/messages" for ::1 at 2023-10-25 15:26:27 +0430
Processing by MessagesController#index as HTML
  [1m[36mMessage Load (0.4ms)[0m  [1m[34mSELECT "messages".* FROM "messages" ORDER BY Random() LIMIT $1[0m  [["LIMIT", 1]]
  ↳ app/controllers/messages_controller.rb:6:in `index'
Completed 200 OK in 11ms (Views: 0.4ms | ActiveRecord: 0.4ms | Allocations: 665)


Started GET "/messages" for ::1 at 2023-10-25 15:28:06 +0430
  [1m[36mActiveRecord::SchemaMigration Pluck (0.5ms)[0m  [1m[34mSELECT "schema_migrations"."version" FROM "schema_migrations" ORDER BY "schema_migrations"."version" ASC[0m
Processing by MessagesController#index as HTML
  [1m[36mMessage Load (0.8ms)[0m  [1m[34mSELECT "messages".* FROM "messages" ORDER BY Random() LIMIT $1[0m  [["LIMIT", 1]]
  ↳ app/controllers/messages_controller.rb:6:in `index'
Completed 200 OK in 46ms (Views: 1.7ms | ActiveRecord: 3.9ms | Allocations: 7565)


Started GET "/messages" for ::1 at 2023-10-25 15:28:11 +0430
Processing by MessagesController#index as HTML
  [1m[36mMessage Load (0.4ms)[0m  [1m[34mSELECT "messages".* FROM "messages" ORDER BY Random() LIMIT $1[0m  [["LIMIT", 1]]
  ↳ app/controllers/messages_controller.rb:6:in `index'
Completed 200 OK in 4ms (Views: 0.2ms | ActiveRecord: 0.4ms | Allocations: 683)


Started GET "/messages" for ::1 at 2023-10-25 15:28:59 +0430
Processing by MessagesController#index as HTML
  [1m[36mMessage Load (0.4ms)[0m  [1m[34mSELECT "messages".* FROM "messages" ORDER BY Random() LIMIT $1[0m  [["LIMIT", 1]]
  ↳ app/controllers/messages_controller.rb:6:in `index'
Completed 200 OK in 3ms (Views: 0.2ms | ActiveRecord: 0.4ms | Allocations: 679)


Started GET "/messages" for ::1 at 2023-10-25 15:29:20 +0430
  [1m[36mActiveRecord::SchemaMigration Pluck (0.8ms)[0m  [1m[34mSELECT "schema_migrations"."version" FROM "schema_migrations" ORDER BY "schema_migrations"."version" ASC[0m
Processing by MessagesController#index as HTML
  [1m[36mMessage Load (0.7ms)[0m  [1m[34mSELECT "messages".* FROM "messages" ORDER BY Random() LIMIT $1[0m  [["LIMIT", 1]]
  ↳ app/controllers/messages_controller.rb:6:in `index'
Completed 200 OK in 55ms (Views: 1.9ms | ActiveRecord: 4.0ms | Allocations: 7571)


Started GET "/messages" for ::1 at 2023-10-25 15:31:47 +0430
  [1m[36mActiveRecord::SchemaMigration Pluck (0.6ms)[0m  [1m[34mSELECT "schema_migrations"."version" FROM "schema_migrations" ORDER BY "schema_migrations"."version" ASC[0m
Processing by MessagesController#index as HTML
  [1m[36mMessage Load (0.7ms)[0m  [1m[34mSELECT "messages".* FROM "messages" ORDER BY Random() LIMIT $1[0m  [["LIMIT", 1]]
  ↳ app/controllers/messages_controller.rb:6:in `index'
Completed 200 OK in 22ms (Views: 0.4ms | ActiveRecord: 3.7ms | Allocations: 7567)


Started GET "/messages" for ::1 at 2023-10-25 15:32:15 +0430
Processing by MessagesController#index as HTML
  [1m[36mMessage Load (0.4ms)[0m  [1m[34mSELECT "messages".* FROM "messages" ORDER BY Random() LIMIT $1[0m  [["LIMIT", 1]]
  ↳ app/controllers/messages_controller.rb:6:in `index'
Completed 200 OK in 6ms (Views: 0.2ms | ActiveRecord: 0.4ms | Allocations: 682)


Started GET "/messages" for ::1 at 2023-10-25 15:32:24 +0430
Processing by MessagesController#index as HTML
  [1m[36mMessage Load (0.4ms)[0m  [1m[34mSELECT "messages".* FROM "messages" ORDER BY Random() LIMIT $1[0m  [["LIMIT", 1]]
  ↳ app/controllers/messages_controller.rb:6:in `index'
Completed 200 OK in 3ms (Views: 0.2ms | ActiveRecord: 0.4ms | Allocations: 679)


Started GET "/messages" for ::1 at 2023-10-25 15:32:43 +0430
Processing by MessagesController#index as HTML
  [1m[36mMessage Load (0.8ms)[0m  [1m[34mSELECT "messages".* FROM "messages" ORDER BY Random() LIMIT $1[0m  [["LIMIT", 1]]
  ↳ app/controllers/messages_controller.rb:6:in `index'
Completed 200 OK in 3ms (Views: 0.2ms | ActiveRecord: 0.8ms | Allocations: 680)


Started GET "/messages" for ::1 at 2023-10-25 15:32:44 +0430
Processing by MessagesController#index as HTML
  [1m[36mMessage Load (0.9ms)[0m  [1m[34mSELECT "messages".* FROM "messages" ORDER BY Random() LIMIT $1[0m  [["LIMIT", 1]]
  ↳ app/controllers/messages_controller.rb:6:in `index'
Completed 200 OK in 5ms (Views: 0.2ms | ActiveRecord: 0.9ms | Allocations: 665)


Started GET "/messages" for ::1 at 2023-10-25 15:32:44 +0430
Processing by MessagesController#index as HTML
  [1m[36mMessage Load (0.5ms)[0m  [1m[34mSELECT "messages".* FROM "messages" ORDER BY Random() LIMIT $1[0m  [["LIMIT", 1]]
  ↳ app/controllers/messages_controller.rb:6:in `index'
Completed 200 OK in 16ms (Views: 0.2ms | ActiveRecord: 0.5ms | Allocations: 679)


Started GET "/messages" for ::1 at 2023-10-25 15:32:45 +0430
Processing by MessagesController#index as HTML
  [1m[36mMessage Load (0.5ms)[0m  [1m[34mSELECT "messages".* FROM "messages" ORDER BY Random() LIMIT $1[0m  [["LIMIT", 1]]
  ↳ app/controllers/messages_controller.rb:6:in `index'
Completed 200 OK in 4ms (Views: 0.2ms | ActiveRecord: 0.5ms | Allocations: 665)


Started GET "/messages" for ::1 at 2023-10-25 15:32:45 +0430
Processing by MessagesController#index as HTML
  [1m[36mMessage Load (0.4ms)[0m  [1m[34mSELECT "messages".* FROM "messages" ORDER BY Random() LIMIT $1[0m  [["LIMIT", 1]]
  ↳ app/controllers/messages_controller.rb:6:in `index'
Completed 200 OK in 19ms (Views: 16.0ms | ActiveRecord: 0.4ms | Allocations: 665)


Started GET "/messages" for ::1 at 2023-10-25 15:32:46 +0430
Processing by MessagesController#index as HTML
  [1m[36mMessage Load (0.5ms)[0m  [1m[34mSELECT "messages".* FROM "messages" ORDER BY Random() LIMIT $1[0m  [["LIMIT", 1]]
  ↳ app/controllers/messages_controller.rb:6:in `index'
Completed 200 OK in 8ms (Views: 0.8ms | ActiveRecord: 0.5ms | Allocations: 666)


Started GET "/messages" for ::1 at 2023-10-25 15:32:46 +0430
Processing by MessagesController#index as HTML
  [1m[36mMessage Load (0.6ms)[0m  [1m[34mSELECT "messages".* FROM "messages" ORDER BY Random() LIMIT $1[0m  [["LIMIT", 1]]
  ↳ app/controllers/messages_controller.rb:6:in `index'
Completed 200 OK in 6ms (Views: 0.2ms | ActiveRecord: 0.6ms | Allocations: 665)


Started GET "/messages" for ::1 at 2023-10-25 15:32:46 +0430
Processing by MessagesController#index as HTML
  [1m[36mMessage Load (0.4ms)[0m  [1m[34mSELECT "messages".* FROM "messages" ORDER BY Random() LIMIT $1[0m  [["LIMIT", 1]]
  ↳ app/controllers/messages_controller.rb:6:in `index'
Completed 200 OK in 3ms (Views: 0.2ms | ActiveRecord: 0.4ms | Allocations: 665)


Started GET "/messages" for ::1 at 2023-10-25 15:35:15 +0430
Processing by MessagesController#index as HTML
  [1m[36mMessage Load (0.5ms)[0m  [1m[34mSELECT "messages".* FROM "messages" ORDER BY Random() LIMIT $1[0m  [["LIMIT", 1]]
  ↳ app/controllers/messages_controller.rb:6:in `index'
Completed 200 OK in 6ms (Views: 0.2ms | ActiveRecord: 0.5ms | Allocations: 665)


Started GET "/messages" for ::1 at 2023-10-25 15:35:16 +0430
Processing by MessagesController#index as HTML
  [1m[36mMessage Load (0.4ms)[0m  [1m[34mSELECT "messages".* FROM "messages" ORDER BY Random() LIMIT $1[0m  [["LIMIT", 1]]
  ↳ app/controllers/messages_controller.rb:6:in `index'
Completed 200 OK in 4ms (Views: 0.2ms | ActiveRecord: 0.4ms | Allocations: 665)


Started GET "/messages" for ::1 at 2023-10-25 15:40:46 +0430
  [1m[36mActiveRecord::SchemaMigration Pluck (0.7ms)[0m  [1m[34mSELECT "schema_migrations"."version" FROM "schema_migrations" ORDER BY "schema_migrations"."version" ASC[0m
Processing by MessagesController#index as HTML
  [1m[36mMessage Load (0.8ms)[0m  [1m[34mSELECT "messages".* FROM "messages" ORDER BY Random() LIMIT $1[0m  [["LIMIT", 1]]
  ↳ app/controllers/messages_controller.rb:6:in `index'
Completed 200 OK in 20ms (Views: 0.3ms | ActiveRecord: 3.7ms | Allocations: 7567)


Started GET "/messages" for ::1 at 2023-10-25 15:45:41 +0430
  [1m[36mActiveRecord::SchemaMigration Pluck (0.8ms)[0m  [1m[34mSELECT "schema_migrations"."version" FROM "schema_migrations" ORDER BY "schema_migrations"."version" ASC[0m
Processing by MessagesController#index as HTML
  [1m[36mMessage Load (0.7ms)[0m  [1m[34mSELECT "messages".* FROM "messages" ORDER BY Random() LIMIT $1[0m  [["LIMIT", 1]]
  ↳ app/controllers/messages_controller.rb:6:in `index'
Completed 200 OK in 47ms (Views: 1.8ms | ActiveRecord: 4.5ms | Allocations: 7565)


Started GET "/messages" for ::1 at 2023-10-25 15:46:39 +0430
  [1m[36mActiveRecord::SchemaMigration Pluck (0.7ms)[0m  [1m[34mSELECT "schema_migrations"."version" FROM "schema_migrations" ORDER BY "schema_migrations"."version" ASC[0m
Processing by MessagesController#index as HTML
  [1m[36mMessage Load (0.7ms)[0m  [1m[34mSELECT "messages".* FROM "messages" ORDER BY Random() LIMIT $1[0m  [["LIMIT", 1]]
  ↳ app/controllers/messages_controller.rb:6:in `index'
Completed 200 OK in 21ms (Views: 0.3ms | ActiveRecord: 4.2ms | Allocations: 7567)


Started GET "/messages" for ::1 at 2023-10-25 15:46:42 +0430
Processing by MessagesController#index as HTML
  [1m[36mMessage Load (2.0ms)[0m  [1m[34mSELECT "messages".* FROM "messages" ORDER BY Random() LIMIT $1[0m  [["LIMIT", 1]]
  ↳ app/controllers/messages_controller.rb:6:in `index'
Completed 200 OK in 9ms (Views: 0.3ms | ActiveRecord: 2.0ms | Allocations: 682)


Started GET "/" for 127.0.0.1 at 2023-10-25 17:37:39 +0430
  [1m[36mActiveRecord::SchemaMigration Pluck (11.7ms)[0m  [1m[34mSELECT "schema_migrations"."version" FROM "schema_migrations" ORDER BY "schema_migrations"."version" ASC[0m
Processing by Rails::WelcomeController#index as HTML
  Rendering /usr/share/rvm/gems/ruby-3.2.2/gems/railties-7.0.8/lib/rails/templates/rails/welcome/index.html.erb
  Rendered /usr/share/rvm/gems/ruby-3.2.2/gems/railties-7.0.8/lib/rails/templates/rails/welcome/index.html.erb (Duration: 8.4ms | Allocations: 490)
Completed 200 OK in 28ms (Views: 11.2ms | ActiveRecord: 0.0ms | Allocations: 4116)


Started GET "/messages" for 127.0.0.1 at 2023-10-25 17:37:45 +0430
Processing by MessagesController#index as HTML
  [1m[36mMessage Load (26.5ms)[0m  [1m[34mSELECT "messages".* FROM "messages" ORDER BY Random() LIMIT $1[0m  [["LIMIT", 1]]
  ↳ app/controllers/messages_controller.rb:6:in `index'
Completed 200 OK in 59ms (Views: 0.6ms | ActiveRecord: 32.3ms | Allocations: 5553)


Started GET "/favicon.ico" for 127.0.0.1 at 2023-10-25 17:37:46 +0430
  
ActionController::RoutingError (No route matches [GET] "/favicon.ico"):
  
Started GET "/messages" for 127.0.0.1 at 2023-10-25 17:37:48 +0430
Processing by MessagesController#index as HTML
  [1m[36mMessage Load (0.7ms)[0m  [1m[34mSELECT "messages".* FROM "messages" ORDER BY Random() LIMIT $1[0m  [["LIMIT", 1]]
  ↳ app/controllers/messages_controller.rb:6:in `index'
Completed 200 OK in 5ms (Views: 0.3ms | ActiveRecord: 0.7ms | Allocations: 678)


Started GET "/messages" for 127.0.0.1 at 2023-10-25 17:37:48 +0430
Processing by MessagesController#index as HTML
  [1m[36mMessage Load (0.6ms)[0m  [1m[34mSELECT "messages".* FROM "messages" ORDER BY Random() LIMIT $1[0m  [["LIMIT", 1]]
  ↳ app/controllers/messages_controller.rb:6:in `index'
Completed 200 OK in 3ms (Views: 0.3ms | ActiveRecord: 0.6ms | Allocations: 678)


Started GET "/messages" for 127.0.0.1 at 2023-10-25 17:37:49 +0430
Processing by MessagesController#index as HTML
  [1m[36mMessage Load (0.7ms)[0m  [1m[34mSELECT "messages".* FROM "messages" ORDER BY Random() LIMIT $1[0m  [["LIMIT", 1]]
  ↳ app/controllers/messages_controller.rb:6:in `index'
Completed 200 OK in 5ms (Views: 0.4ms | ActiveRecord: 0.7ms | Allocations: 678)


Started GET "/messages" for 127.0.0.1 at 2023-10-25 17:37:49 +0430
Processing by MessagesController#index as HTML
  [1m[36mMessage Load (0.7ms)[0m  [1m[34mSELECT "messages".* FROM "messages" ORDER BY Random() LIMIT $1[0m  [["LIMIT", 1]]
  ↳ app/controllers/messages_controller.rb:6:in `index'
Completed 200 OK in 4ms (Views: 0.3ms | ActiveRecord: 0.7ms | Allocations: 664)


Started GET "/messages" for 127.0.0.1 at 2023-10-25 17:37:49 +0430
Processing by MessagesController#index as HTML
  [1m[36mMessage Load (0.5ms)[0m  [1m[34mSELECT "messages".* FROM "messages" ORDER BY Random() LIMIT $1[0m  [["LIMIT", 1]]
  ↳ app/controllers/messages_controller.rb:6:in `index'
Completed 200 OK in 3ms (Views: 0.2ms | ActiveRecord: 0.5ms | Allocations: 664)


Started GET "/messages" for 127.0.0.1 at 2023-10-25 17:37:50 +0430
Processing by MessagesController#index as HTML
  [1m[36mMessage Load (0.4ms)[0m  [1m[34mSELECT "messages".* FROM "messages" ORDER BY Random() LIMIT $1[0m  [["LIMIT", 1]]
  ↳ app/controllers/messages_controller.rb:6:in `index'
Completed 200 OK in 3ms (Views: 0.2ms | ActiveRecord: 0.4ms | Allocations: 664)


Started GET "/messages" for 127.0.0.1 at 2023-10-25 17:37:50 +0430
Processing by MessagesController#index as HTML
  [1m[36mMessage Load (0.3ms)[0m  [1m[34mSELECT "messages".* FROM "messages" ORDER BY Random() LIMIT $1[0m  [["LIMIT", 1]]
  ↳ app/controllers/messages_controller.rb:6:in `index'
Completed 200 OK in 2ms (Views: 0.1ms | ActiveRecord: 0.3ms | Allocations: 666)


Started GET "/messages" for 127.0.0.1 at 2023-10-25 17:37:50 +0430
Processing by MessagesController#index as HTML
  [1m[36mMessage Load (0.4ms)[0m  [1m[34mSELECT "messages".* FROM "messages" ORDER BY Random() LIMIT $1[0m  [["LIMIT", 1]]
  ↳ app/controllers/messages_controller.rb:6:in `index'
Completed 200 OK in 3ms (Views: 0.3ms | ActiveRecord: 0.4ms | Allocations: 665)


Started GET "/messages" for 127.0.0.1 at 2023-10-25 17:37:50 +0430
Processing by MessagesController#index as HTML
  [1m[36mMessage Load (0.4ms)[0m  [1m[34mSELECT "messages".* FROM "messages" ORDER BY Random() LIMIT $1[0m  [["LIMIT", 1]]
  ↳ app/controllers/messages_controller.rb:6:in `index'
Completed 200 OK in 2ms (Views: 0.2ms | ActiveRecord: 0.4ms | Allocations: 665)


Started GET "/messages" for 127.0.0.1 at 2023-10-25 17:37:50 +0430
Processing by MessagesController#index as HTML
  [1m[36mMessage Load (0.5ms)[0m  [1m[34mSELECT "messages".* FROM "messages" ORDER BY Random() LIMIT $1[0m  [["LIMIT", 1]]
  ↳ app/controllers/messages_controller.rb:6:in `index'
Completed 200 OK in 4ms (Views: 0.2ms | ActiveRecord: 0.5ms | Allocations: 665)


Started GET "/messages" for 127.0.0.1 at 2023-10-25 17:37:51 +0430
Processing by MessagesController#index as HTML
  [1m[36mMessage Load (0.4ms)[0m  [1m[34mSELECT "messages".* FROM "messages" ORDER BY Random() LIMIT $1[0m  [["LIMIT", 1]]
  ↳ app/controllers/messages_controller.rb:6:in `index'
Completed 200 OK in 3ms (Views: 0.3ms | ActiveRecord: 0.4ms | Allocations: 665)


Started GET "/messages" for 127.0.0.1 at 2023-10-25 17:37:51 +0430
Processing by MessagesController#index as HTML
  [1m[36mMessage Load (0.3ms)[0m  [1m[34mSELECT "messages".* FROM "messages" ORDER BY Random() LIMIT $1[0m  [["LIMIT", 1]]
  ↳ app/controllers/messages_controller.rb:6:in `index'
Completed 200 OK in 2ms (Views: 0.1ms | ActiveRecord: 0.3ms | Allocations: 665)


Started GET "/messages" for 127.0.0.1 at 2023-10-25 17:37:51 +0430
Processing by MessagesController#index as HTML
  [1m[36mMessage Load (0.3ms)[0m  [1m[34mSELECT "messages".* FROM "messages" ORDER BY Random() LIMIT $1[0m  [["LIMIT", 1]]
  ↳ app/controllers/messages_controller.rb:6:in `index'
Completed 200 OK in 2ms (Views: 0.1ms | ActiveRecord: 0.3ms | Allocations: 665)


Started GET "/messages" for 127.0.0.1 at 2023-10-25 17:37:51 +0430
Processing by MessagesController#index as HTML
  [1m[36mMessage Load (0.3ms)[0m  [1m[34mSELECT "messages".* FROM "messages" ORDER BY Random() LIMIT $1[0m  [["LIMIT", 1]]
  ↳ app/controllers/messages_controller.rb:6:in `index'
Completed 200 OK in 2ms (Views: 0.1ms | ActiveRecord: 0.3ms | Allocations: 665)


Started GET "/messages" for 127.0.0.1 at 2023-10-25 17:37:51 +0430
Processing by MessagesController#index as HTML
  [1m[36mMessage Load (0.8ms)[0m  [1m[34mSELECT "messages".* FROM "messages" ORDER BY Random() LIMIT $1[0m  [["LIMIT", 1]]
  ↳ app/controllers/messages_controller.rb:6:in `index'
Completed 200 OK in 6ms (Views: 0.3ms | ActiveRecord: 0.8ms | Allocations: 665)


Started GET "/messages" for 127.0.0.1 at 2023-10-25 17:38:48 +0430
Processing by MessagesController#index as HTML
  [1m[36mMessage Load (0.6ms)[0m  [1m[34mSELECT "messages".* FROM "messages" ORDER BY Random() LIMIT $1[0m  [["LIMIT", 1]]
  ↳ app/controllers/messages_controller.rb:6:in `index'
Completed 200 OK in 14ms (Views: 0.2ms | ActiveRecord: 6.5ms | Allocations: 2622)


Started GET "/messages" for 127.0.0.1 at 2023-10-25 17:38:49 +0430
Processing by MessagesController#index as HTML
  [1m[36mMessage Load (0.5ms)[0m  [1m[34mSELECT "messages".* FROM "messages" ORDER BY Random() LIMIT $1[0m  [["LIMIT", 1]]
  ↳ app/controllers/messages_controller.rb:6:in `index'
Completed 200 OK in 4ms (Views: 0.3ms | ActiveRecord: 0.5ms | Allocations: 665)


Started GET "/messages" for 127.0.0.1 at 2023-10-25 17:38:49 +0430
Processing by MessagesController#index as HTML
  [1m[36mMessage Load (0.4ms)[0m  [1m[34mSELECT "messages".* FROM "messages" ORDER BY Random() LIMIT $1[0m  [["LIMIT", 1]]
  ↳ app/controllers/messages_controller.rb:6:in `index'
Completed 200 OK in 3ms (Views: 0.2ms | ActiveRecord: 0.4ms | Allocations: 665)


Started GET "/messages" for 127.0.0.1 at 2023-10-25 17:38:49 +0430
Processing by MessagesController#index as HTML
  [1m[36mMessage Load (0.8ms)[0m  [1m[34mSELECT "messages".* FROM "messages" ORDER BY Random() LIMIT $1[0m  [["LIMIT", 1]]
  ↳ app/controllers/messages_controller.rb:6:in `index'
Completed 200 OK in 5ms (Views: 0.3ms | ActiveRecord: 0.8ms | Allocations: 665)


Started GET "/messages" for 127.0.0.1 at 2023-10-25 17:38:50 +0430
Processing by MessagesController#index as HTML
  [1m[36mMessage Load (0.3ms)[0m  [1m[34mSELECT "messages".* FROM "messages" ORDER BY Random() LIMIT $1[0m  [["LIMIT", 1]]
  ↳ app/controllers/messages_controller.rb:6:in `index'
Completed 200 OK in 2ms (Views: 0.2ms | ActiveRecord: 0.3ms | Allocations: 665)


Started GET "/messages" for 127.0.0.1 at 2023-10-25 17:38:50 +0430
Processing by MessagesController#index as HTML
  [1m[36mMessage Load (0.7ms)[0m  [1m[34mSELECT "messages".* FROM "messages" ORDER BY Random() LIMIT $1[0m  [["LIMIT", 1]]
  ↳ app/controllers/messages_controller.rb:6:in `index'
Completed 200 OK in 3ms (Views: 0.1ms | ActiveRecord: 0.7ms | Allocations: 665)


Started GET "/messages" for 127.0.0.1 at 2023-10-25 17:38:50 +0430
Processing by MessagesController#index as HTML
  [1m[36mMessage Load (0.4ms)[0m  [1m[34mSELECT "messages".* FROM "messages" ORDER BY Random() LIMIT $1[0m  [["LIMIT", 1]]
  ↳ app/controllers/messages_controller.rb:6:in `index'
Completed 200 OK in 2ms (Views: 0.1ms | ActiveRecord: 0.4ms | Allocations: 666)


Started GET "/messages" for 127.0.0.1 at 2023-10-25 17:38:50 +0430
Processing by MessagesController#index as HTML
  [1m[36mMessage Load (0.3ms)[0m  [1m[34mSELECT "messages".* FROM "messages" ORDER BY Random() LIMIT $1[0m  [["LIMIT", 1]]
  ↳ app/controllers/messages_controller.rb:6:in `index'
Completed 200 OK in 2ms (Views: 0.2ms | ActiveRecord: 0.3ms | Allocations: 665)


Started GET "/messages" for ::1 at 2023-10-25 17:39:06 +0430
Processing by MessagesController#index as HTML
  [1m[36mMessage Load (0.4ms)[0m  [1m[34mSELECT "messages".* FROM "messages" ORDER BY Random() LIMIT $1[0m  [["LIMIT", 1]]
  ↳ app/controllers/messages_controller.rb:6:in `index'
Completed 200 OK in 3ms (Views: 0.2ms | ActiveRecord: 0.4ms | Allocations: 665)


Started GET "/messages" for ::1 at 2023-10-25 17:39:08 +0430
Processing by MessagesController#index as HTML
  [1m[36mMessage Load (0.4ms)[0m  [1m[34mSELECT "messages".* FROM "messages" ORDER BY Random() LIMIT $1[0m  [["LIMIT", 1]]
  ↳ app/controllers/messages_controller.rb:6:in `index'
Completed 200 OK in 4ms (Views: 0.2ms | ActiveRecord: 0.4ms | Allocations: 665)


Started GET "/messages" for ::1 at 2023-10-25 17:39:09 +0430
Processing by MessagesController#index as HTML
  [1m[36mMessage Load (0.4ms)[0m  [1m[34mSELECT "messages".* FROM "messages" ORDER BY Random() LIMIT $1[0m  [["LIMIT", 1]]
  ↳ app/controllers/messages_controller.rb:6:in `index'
Completed 200 OK in 4ms (Views: 0.2ms | ActiveRecord: 0.4ms | Allocations: 665)


